--------------- Build Started: 01/20/2018 13:27:58 Project: IOBoard, Configuration: ARM GCC 5.4-2016-q2-update Debug ---------------
cydsfit.exe -.appdatapath "C:\Users\Nick Butts\AppData\Local\Cypress Semiconductor\PSoC Creator\4.1" -.fdsnotice -.fdswarpdepfile=warp_dependencies.txt -.fdselabdepfile=elab_dependencies.txt -.fdsbldfile=generated_files.txt -.fdsreffile=referenced_files.txt -p C:\projects\LaserBodyRoll\software\IOBoard\IOBoard.cydsn\IOBoard.cyprj -d CY8C4A45LQI-483 -s C:\projects\LaserBodyRoll\software\IOBoard\IOBoard.cydsn\Generated_Source\PSoC4 -- -yv2 -q10 -ygs -o2 -v3 -.fftcfgtype=LE
Elaborating Design...
ADD: sdb.M0061: information: Info from component: VDAC_1. The UAB_VDAC_v1_10 component (VDAC_1) is a prototype component. It has not been tested to production quality and care should be taken if used in a shipping product.
 * C:\projects\LaserBodyRoll\software\IOBoard\IOBoard.cydsn\TopDesign\TopDesign.cysch (Instance:VDAC_1)
ADD: sdb.M0061: information: Info from component: VDAC_2. The UAB_VDAC_v1_10 component (VDAC_2) is a prototype component. It has not been tested to production quality and care should be taken if used in a shipping product.
 * C:\projects\LaserBodyRoll\software\IOBoard\IOBoard.cydsn\TopDesign\TopDesign.cysch (Instance:VDAC_2)
HDL Generation...
Synthesis...
Tech Mapping...
ADD: pft.M0040: information: The following 2 pin(s) will be assigned a location by the fitter: ANA_OUT1(0), ANA_OUT2(0)
Analog Placement...
Analog Routing...
Analog Code Generation...
Digital Placement...
Digital Routing...
Bitstream Generation...
Bitstream Verification...
Static timing analysis...
API Generation...
Dependency Generation...
Cleanup...
arm-none-eabi-gcc.exe -mcpu=cortex-m0plus -mthumb -I. -IGenerated_Source\PSoC4 -Wa,-alh=.\CortexM0p\ARM_GCC_541\Debug/main.lst -g -D DEBUG -D CY_CORE_ID=0 -Wall -ffunction-sections -ffat-lto-objects -Og -c main.c -o .\CortexM0p\ARM_GCC_541\Debug\main.o
main.c: In function 'main':
main.c:23:9: warning: unused variable 'state' [-Wunused-variable]
     int state = 0;
         ^
arm-none-eabi-gcc.exe -mcpu=cortex-m0plus -mthumb -I. -IGenerated_Source\PSoC4 -Wa,-alh=.\CortexM0p\ARM_GCC_541\Debug/cyfitter_cfg.lst -g -D DEBUG -D CY_CORE_ID=0 -Wall -ffunction-sections -ffat-lto-objects -Og -c Generated_Source\PSoC4\cyfitter_cfg.c -o .\CortexM0p\ARM_GCC_541\Debug\cyfitter_cfg.o
arm-none-eabi-gcc.exe -mcpu=cortex-m0plus -mthumb -I. -IGenerated_Source\PSoC4 -Wa,-alh=.\CortexM0p\ARM_GCC_541\Debug/RED.lst -g -D DEBUG -D CY_CORE_ID=0 -Wall -ffunction-sections -ffat-lto-objects -Og -c Generated_Source\PSoC4\RED.c -o .\CortexM0p\ARM_GCC_541\Debug\RED.o
arm-none-eabi-gcc.exe -mcpu=cortex-m0plus -mthumb -I. -IGenerated_Source\PSoC4 -Wa,-alh=.\CortexM0p\ARM_GCC_541\Debug/RED_PM.lst -g -D DEBUG -D CY_CORE_ID=0 -Wall -ffunction-sections -ffat-lto-objects -Og -c Generated_Source\PSoC4\RED_PM.c -o .\CortexM0p\ARM_GCC_541\Debug\RED_PM.o
arm-none-eabi-gcc.exe -mcpu=cortex-m0plus -mthumb -I. -IGenerated_Source\PSoC4 -Wa,-alh=.\CortexM0p\ARM_GCC_541\Debug/GREEN.lst -g -D DEBUG -D CY_CORE_ID=0 -Wall -ffunction-sections -ffat-lto-objects -Og -c Generated_Source\PSoC4\GREEN.c -o .\CortexM0p\ARM_GCC_541\Debug\GREEN.o
arm-none-eabi-gcc.exe -mcpu=cortex-m0plus -mthumb -I. -IGenerated_Source\PSoC4 -Wa,-alh=.\CortexM0p\ARM_GCC_541\Debug/GREEN_PM.lst -g -D DEBUG -D CY_CORE_ID=0 -Wall -ffunction-sections -ffat-lto-objects -Og -c Generated_Source\PSoC4\GREEN_PM.c -o .\CortexM0p\ARM_GCC_541\Debug\GREEN_PM.o
arm-none-eabi-gcc.exe -mcpu=cortex-m0plus -mthumb -I. -IGenerated_Source\PSoC4 -Wa,-alh=.\CortexM0p\ARM_GCC_541\Debug/BLUE.lst -g -D DEBUG -D CY_CORE_ID=0 -Wall -ffunction-sections -ffat-lto-objects -Og -c Generated_Source\PSoC4\BLUE.c -o .\CortexM0p\ARM_GCC_541\Debug\BLUE.o
arm-none-eabi-gcc.exe -mcpu=cortex-m0plus -mthumb -I. -IGenerated_Source\PSoC4 -Wa,-alh=.\CortexM0p\ARM_GCC_541\Debug/BLUE_PM.lst -g -D DEBUG -D CY_CORE_ID=0 -Wall -ffunction-sections -ffat-lto-objects -Og -c Generated_Source\PSoC4\BLUE_PM.c -o .\CortexM0p\ARM_GCC_541\Debug\BLUE_PM.o
arm-none-eabi-gcc.exe -mcpu=cortex-m0plus -mthumb -I. -IGenerated_Source\PSoC4 -Wa,-alh=.\CortexM0p\ARM_GCC_541\Debug/Cm0plusStart.lst -g -D DEBUG -D CY_CORE_ID=0 -Wall -ffunction-sections -ffat-lto-objects -Og -c Generated_Source\PSoC4\Cm0plusStart.c -o .\CortexM0p\ARM_GCC_541\Debug\Cm0plusStart.o
arm-none-eabi-gcc.exe -mcpu=cortex-m0plus -mthumb -I. -IGenerated_Source\PSoC4 -Wa,-alh=.\CortexM0p\ARM_GCC_541\Debug/CyFlash.lst -g -D DEBUG -D CY_CORE_ID=0 -Wall -ffunction-sections -ffat-lto-objects -Og -c Generated_Source\PSoC4\CyFlash.c -o .\CortexM0p\ARM_GCC_541\Debug\CyFlash.o
arm-none-eabi-gcc.exe -mcpu=cortex-m0plus -mthumb -I. -IGenerated_Source\PSoC4 -Wa,-alh=.\CortexM0p\ARM_GCC_541\Debug/CyLib.lst -g -D DEBUG -D CY_CORE_ID=0 -Wall -ffunction-sections -ffat-lto-objects -Og -c Generated_Source\PSoC4\CyLib.c -o .\CortexM0p\ARM_GCC_541\Debug\CyLib.o
arm-none-eabi-gcc.exe -mcpu=cortex-m0plus -mthumb -I. -IGenerated_Source\PSoC4 -Wa,-alh=.\CortexM0p\ARM_GCC_541\Debug/cyPm.lst -g -D DEBUG -D CY_CORE_ID=0 -Wall -ffunction-sections -ffat-lto-objects -Og -c Generated_Source\PSoC4\cyPm.c -o .\CortexM0p\ARM_GCC_541\Debug\cyPm.o
arm-none-eabi-gcc.exe -mcpu=cortex-m0plus -mthumb -I. -IGenerated_Source\PSoC4 -Wa,-alh=.\CortexM0p\ARM_GCC_541\Debug/cyutils.lst -g -D DEBUG -D CY_CORE_ID=0 -Wall -ffunction-sections -ffat-lto-objects -Og -c Generated_Source\PSoC4\cyutils.c -o .\CortexM0p\ARM_GCC_541\Debug\cyutils.o
arm-none-eabi-gcc.exe -mcpu=cortex-m0plus -mthumb -I. -IGenerated_Source\PSoC4 -Wa,-alh=.\CortexM0p\ARM_GCC_541\Debug/CyDMA.lst -g -D DEBUG -D CY_CORE_ID=0 -Wall -ffunction-sections -ffat-lto-objects -Og -c Generated_Source\PSoC4\CyDMA.c -o .\CortexM0p\ARM_GCC_541\Debug\CyDMA.o
arm-none-eabi-gcc.exe -mcpu=cortex-m0plus -mthumb -I. -IGenerated_Source\PSoC4 -Wa,-alh=.\CortexM0p\ARM_GCC_541\Debug/CyLFClk.lst -g -D DEBUG -D CY_CORE_ID=0 -Wall -ffunction-sections -ffat-lto-objects -Og -c Generated_Source\PSoC4\CyLFClk.c -o .\CortexM0p\ARM_GCC_541\Debug\CyLFClk.o
arm-none-eabi-gcc.exe -mcpu=cortex-m0plus -mthumb -I. -IGenerated_Source\PSoC4 -Wa,-alh=.\CortexM0p\ARM_GCC_541\Debug/VDAC_1.lst -g -D DEBUG -D CY_CORE_ID=0 -Wall -ffunction-sections -ffat-lto-objects -Og -c Generated_Source\PSoC4\VDAC_1.c -o .\CortexM0p\ARM_GCC_541\Debug\VDAC_1.o
arm-none-eabi-gcc.exe -mcpu=cortex-m0plus -mthumb -I. -IGenerated_Source\PSoC4 -Wa,-alh=.\CortexM0p\ARM_GCC_541\Debug/VDAC_1_PM.lst -g -D DEBUG -D CY_CORE_ID=0 -Wall -ffunction-sections -ffat-lto-objects -Og -c Generated_Source\PSoC4\VDAC_1_PM.c -o .\CortexM0p\ARM_GCC_541\Debug\VDAC_1_PM.o
arm-none-eabi-gcc.exe -mcpu=cortex-m0plus -mthumb -I. -IGenerated_Source\PSoC4 -Wa,-alh=.\CortexM0p\ARM_GCC_541\Debug/VDAC_2.lst -g -D DEBUG -D CY_CORE_ID=0 -Wall -ffunction-sections -ffat-lto-objects -Og -c Generated_Source\PSoC4\VDAC_2.c -o .\CortexM0p\ARM_GCC_541\Debug\VDAC_2.o
arm-none-eabi-gcc.exe -mcpu=cortex-m0plus -mthumb -I. -IGenerated_Source\PSoC4 -Wa,-alh=.\CortexM0p\ARM_GCC_541\Debug/VDAC_2_PM.lst -g -D DEBUG -D CY_CORE_ID=0 -Wall -ffunction-sections -ffat-lto-objects -Og -c Generated_Source\PSoC4\VDAC_2_PM.c -o .\CortexM0p\ARM_GCC_541\Debug\VDAC_2_PM.o
arm-none-eabi-gcc.exe -mcpu=cortex-m0plus -mthumb -I. -IGenerated_Source\PSoC4 -Wa,-alh=.\CortexM0p\ARM_GCC_541\Debug/VDAC_1_internalClock.lst -g -D DEBUG -D CY_CORE_ID=0 -Wall -ffunction-sections -ffat-lto-objects -Og -c Generated_Source\PSoC4\VDAC_1_internalClock.c -o .\CortexM0p\ARM_GCC_541\Debug\VDAC_1_internalClock.o
arm-none-eabi-gcc.exe -mcpu=cortex-m0plus -mthumb -I. -IGenerated_Source\PSoC4 -Wa,-alh=.\CortexM0p\ARM_GCC_541\Debug/VDAC_1_UAB.lst -g -D DEBUG -D CY_CORE_ID=0 -Wall -ffunction-sections -ffat-lto-objects -Og -c Generated_Source\PSoC4\VDAC_1_UAB.c -o .\CortexM0p\ARM_GCC_541\Debug\VDAC_1_UAB.o
arm-none-eabi-gcc.exe -mcpu=cortex-m0plus -mthumb -I. -IGenerated_Source\PSoC4 -Wa,-alh=.\CortexM0p\ARM_GCC_541\Debug/VDAC_1_UAB_CyUAB.lst -g -D DEBUG -D CY_CORE_ID=0 -Wall -ffunction-sections -ffat-lto-objects -Og -c Generated_Source\PSoC4\VDAC_1_UAB_CyUAB.c -o .\CortexM0p\ARM_GCC_541\Debug\VDAC_1_UAB_CyUAB.o
arm-none-eabi-gcc.exe -mcpu=cortex-m0plus -mthumb -I. -IGenerated_Source\PSoC4 -Wa,-alh=.\CortexM0p\ARM_GCC_541\Debug/VDAC_1_OUTBUFFER.lst -g -D DEBUG -D CY_CORE_ID=0 -Wall -ffunction-sections -ffat-lto-objects -Og -c Generated_Source\PSoC4\VDAC_1_OUTBUFFER.c -o .\CortexM0p\ARM_GCC_541\Debug\VDAC_1_OUTBUFFER.o
arm-none-eabi-gcc.exe -mcpu=cortex-m0plus -mthumb -I. -IGenerated_Source\PSoC4 -Wa,-alh=.\CortexM0p\ARM_GCC_541\Debug/VDAC_1_OUTBUFFER_PM.lst -g -D DEBUG -D CY_CORE_ID=0 -Wall -ffunction-sections -ffat-lto-objects -Og -c Generated_Source\PSoC4\VDAC_1_OUTBUFFER_PM.c -o .\CortexM0p\ARM_GCC_541\Debug\VDAC_1_OUTBUFFER_PM.o
arm-none-eabi-gcc.exe -mcpu=cortex-m0plus -mthumb -I. -IGenerated_Source\PSoC4 -Wa,-alh=.\CortexM0p\ARM_GCC_541\Debug/VDAC_2_internalClock.lst -g -D DEBUG -D CY_CORE_ID=0 -Wall -ffunction-sections -ffat-lto-objects -Og -c Generated_Source\PSoC4\VDAC_2_internalClock.c -o .\CortexM0p\ARM_GCC_541\Debug\VDAC_2_internalClock.o
arm-none-eabi-gcc.exe -mcpu=cortex-m0plus -mthumb -I. -IGenerated_Source\PSoC4 -Wa,-alh=.\CortexM0p\ARM_GCC_541\Debug/VDAC_2_UAB.lst -g -D DEBUG -D CY_CORE_ID=0 -Wall -ffunction-sections -ffat-lto-objects -Og -c Generated_Source\PSoC4\VDAC_2_UAB.c -o .\CortexM0p\ARM_GCC_541\Debug\VDAC_2_UAB.o
arm-none-eabi-gcc.exe -mcpu=cortex-m0plus -mthumb -I. -IGenerated_Source\PSoC4 -Wa,-alh=.\CortexM0p\ARM_GCC_541\Debug/VDAC_2_UAB_CyUAB.lst -g -D DEBUG -D CY_CORE_ID=0 -Wall -ffunction-sections -ffat-lto-objects -Og -c Generated_Source\PSoC4\VDAC_2_UAB_CyUAB.c -o .\CortexM0p\ARM_GCC_541\Debug\VDAC_2_UAB_CyUAB.o
arm-none-eabi-gcc.exe -mcpu=cortex-m0plus -mthumb -I. -IGenerated_Source\PSoC4 -Wa,-alh=.\CortexM0p\ARM_GCC_541\Debug/VDAC_2_OUTBUFFER.lst -g -D DEBUG -D CY_CORE_ID=0 -Wall -ffunction-sections -ffat-lto-objects -Og -c Generated_Source\PSoC4\VDAC_2_OUTBUFFER.c -o .\CortexM0p\ARM_GCC_541\Debug\VDAC_2_OUTBUFFER.o
arm-none-eabi-gcc.exe -mcpu=cortex-m0plus -mthumb -I. -IGenerated_Source\PSoC4 -Wa,-alh=.\CortexM0p\ARM_GCC_541\Debug/VDAC_2_OUTBUFFER_PM.lst -g -D DEBUG -D CY_CORE_ID=0 -Wall -ffunction-sections -ffat-lto-objects -Og -c Generated_Source\PSoC4\VDAC_2_OUTBUFFER_PM.c -o .\CortexM0p\ARM_GCC_541\Debug\VDAC_2_OUTBUFFER_PM.o
arm-none-eabi-gcc.exe -mcpu=cortex-m0plus -mthumb -I. -IGenerated_Source\PSoC4 -Wa,-alh=.\CortexM0p\ARM_GCC_541\Debug/ANA_OUT1.lst -g -D DEBUG -D CY_CORE_ID=0 -Wall -ffunction-sections -ffat-lto-objects -Og -c Generated_Source\PSoC4\ANA_OUT1.c -o .\CortexM0p\ARM_GCC_541\Debug\ANA_OUT1.o
arm-none-eabi-gcc.exe -mcpu=cortex-m0plus -mthumb -I. -IGenerated_Source\PSoC4 -Wa,-alh=.\CortexM0p\ARM_GCC_541\Debug/ANA_OUT1_PM.lst -g -D DEBUG -D CY_CORE_ID=0 -Wall -ffunction-sections -ffat-lto-objects -Og -c Generated_Source\PSoC4\ANA_OUT1_PM.c -o .\CortexM0p\ARM_GCC_541\Debug\ANA_OUT1_PM.o
arm-none-eabi-gcc.exe -mcpu=cortex-m0plus -mthumb -I. -IGenerated_Source\PSoC4 -Wa,-alh=.\CortexM0p\ARM_GCC_541\Debug/ANA_OUT2.lst -g -D DEBUG -D CY_CORE_ID=0 -Wall -ffunction-sections -ffat-lto-objects -Og -c Generated_Source\PSoC4\ANA_OUT2.c -o .\CortexM0p\ARM_GCC_541\Debug\ANA_OUT2.o
arm-none-eabi-gcc.exe -mcpu=cortex-m0plus -mthumb -I. -IGenerated_Source\PSoC4 -Wa,-alh=.\CortexM0p\ARM_GCC_541\Debug/ANA_OUT2_PM.lst -g -D DEBUG -D CY_CORE_ID=0 -Wall -ffunction-sections -ffat-lto-objects -Og -c Generated_Source\PSoC4\ANA_OUT2_PM.c -o .\CortexM0p\ARM_GCC_541\Debug\ANA_OUT2_PM.o
arm-none-eabi-gcc.exe -mcpu=cortex-m0plus -mthumb -I. -IGenerated_Source\PSoC4 -Wa,-alh=.\CortexM0p\ARM_GCC_541\Debug/DIGITAL_OUT1.lst -g -D DEBUG -D CY_CORE_ID=0 -Wall -ffunction-sections -ffat-lto-objects -Og -c Generated_Source\PSoC4\DIGITAL_OUT1.c -o .\CortexM0p\ARM_GCC_541\Debug\DIGITAL_OUT1.o
arm-none-eabi-gcc.exe -mcpu=cortex-m0plus -mthumb -I. -IGenerated_Source\PSoC4 -Wa,-alh=.\CortexM0p\ARM_GCC_541\Debug/DIGITAL_OUT1_PM.lst -g -D DEBUG -D CY_CORE_ID=0 -Wall -ffunction-sections -ffat-lto-objects -Og -c Generated_Source\PSoC4\DIGITAL_OUT1_PM.c -o .\CortexM0p\ARM_GCC_541\Debug\DIGITAL_OUT1_PM.o
arm-none-eabi-gcc.exe -mcpu=cortex-m0plus -mthumb -I. -IGenerated_Source\PSoC4 -Wa,-alh=.\CortexM0p\ARM_GCC_541\Debug/DIGITAL_OUT2.lst -g -D DEBUG -D CY_CORE_ID=0 -Wall -ffunction-sections -ffat-lto-objects -Og -c Generated_Source\PSoC4\DIGITAL_OUT2.c -o .\CortexM0p\ARM_GCC_541\Debug\DIGITAL_OUT2.o
arm-none-eabi-gcc.exe -mcpu=cortex-m0plus -mthumb -I. -IGenerated_Source\PSoC4 -Wa,-alh=.\CortexM0p\ARM_GCC_541\Debug/DIGITAL_OUT2_PM.lst -g -D DEBUG -D CY_CORE_ID=0 -Wall -ffunction-sections -ffat-lto-objects -Og -c Generated_Source\PSoC4\DIGITAL_OUT2_PM.c -o .\CortexM0p\ARM_GCC_541\Debug\DIGITAL_OUT2_PM.o
arm-none-eabi-gcc.exe -mcpu=cortex-m0plus -mthumb -I. -IGenerated_Source\PSoC4 -Wa,-alh=.\CortexM0p\ARM_GCC_541\Debug/DIGITAL_IN1.lst -g -D DEBUG -D CY_CORE_ID=0 -Wall -ffunction-sections -ffat-lto-objects -Og -c Generated_Source\PSoC4\DIGITAL_IN1.c -o .\CortexM0p\ARM_GCC_541\Debug\DIGITAL_IN1.o
arm-none-eabi-gcc.exe -mcpu=cortex-m0plus -mthumb -I. -IGenerated_Source\PSoC4 -Wa,-alh=.\CortexM0p\ARM_GCC_541\Debug/DIGITAL_IN1_PM.lst -g -D DEBUG -D CY_CORE_ID=0 -Wall -ffunction-sections -ffat-lto-objects -Og -c Generated_Source\PSoC4\DIGITAL_IN1_PM.c -o .\CortexM0p\ARM_GCC_541\Debug\DIGITAL_IN1_PM.o
arm-none-eabi-gcc.exe -mcpu=cortex-m0plus -mthumb -I. -IGenerated_Source\PSoC4 -Wa,-alh=.\CortexM0p\ARM_GCC_541\Debug/DIGITAL_IN2.lst -g -D DEBUG -D CY_CORE_ID=0 -Wall -ffunction-sections -ffat-lto-objects -Og -c Generated_Source\PSoC4\DIGITAL_IN2.c -o .\CortexM0p\ARM_GCC_541\Debug\DIGITAL_IN2.o
arm-none-eabi-gcc.exe -mcpu=cortex-m0plus -mthumb -I. -IGenerated_Source\PSoC4 -Wa,-alh=.\CortexM0p\ARM_GCC_541\Debug/DIGITAL_IN2_PM.lst -g -D DEBUG -D CY_CORE_ID=0 -Wall -ffunction-sections -ffat-lto-objects -Og -c Generated_Source\PSoC4\DIGITAL_IN2_PM.c -o .\CortexM0p\ARM_GCC_541\Debug\DIGITAL_IN2_PM.o
arm-none-eabi-as.exe -mcpu=cortex-m0plus -mthumb -I. -IGenerated_Source\PSoC4 -alh=.\CortexM0p\ARM_GCC_541\Debug/CyBootAsmGnu.lst -g -W -o .\CortexM0p\ARM_GCC_541\Debug\CyBootAsmGnu.o Generated_Source\PSoC4\CyBootAsmGnu.s
arm-none-eabi-ar.exe -rs .\CortexM0p\ARM_GCC_541\Debug\IOBoard.a .\CortexM0p\ARM_GCC_541\Debug\RED.o .\CortexM0p\ARM_GCC_541\Debug\RED_PM.o .\CortexM0p\ARM_GCC_541\Debug\GREEN.o .\CortexM0p\ARM_GCC_541\Debug\GREEN_PM.o .\CortexM0p\ARM_GCC_541\Debug\BLUE.o .\CortexM0p\ARM_GCC_541\Debug\BLUE_PM.o .\CortexM0p\ARM_GCC_541\Debug\CyFlash.o .\CortexM0p\ARM_GCC_541\Debug\CyLib.o .\CortexM0p\ARM_GCC_541\Debug\cyPm.o .\CortexM0p\ARM_GCC_541\Debug\cyutils.o .\CortexM0p\ARM_GCC_541\Debug\CyDMA.o .\CortexM0p\ARM_GCC_541\Debug\CyLFClk.o .\CortexM0p\ARM_GCC_541\Debug\VDAC_1.o .\CortexM0p\ARM_GCC_541\Debug\VDAC_1_PM.o .\CortexM0p\ARM_GCC_541\Debug\VDAC_2.o .\CortexM0p\ARM_GCC_541\Debug\VDAC_2_PM.o .\CortexM0p\ARM_GCC_541\Debug\VDAC_1_internalClock.o .\CortexM0p\ARM_GCC_541\Debug\VDAC_1_UAB.o .\CortexM0p\ARM_GCC_541\Debug\VDAC_1_UAB_CyUAB.o .\CortexM0p\ARM_GCC_541\Debug\VDAC_1_OUTBUFFER.o .\CortexM0p\ARM_GCC_541\Debug\VDAC_1_OUTBUFFER_PM.o .\CortexM0p\ARM_GCC_541\Debug\VDAC_2_internalClock.o .\CortexM0p\ARM_GCC_541\Debug\VDAC_2_UAB.o .\CortexM0p\ARM_GCC_541\Debug\VDAC_2_UAB_CyUAB.o .\CortexM0p\ARM_GCC_541\Debug\VDAC_2_OUTBUFFER.o .\CortexM0p\ARM_GCC_541\Debug\VDAC_2_OUTBUFFER_PM.o .\CortexM0p\ARM_GCC_541\Debug\ANA_OUT1.o .\CortexM0p\ARM_GCC_541\Debug\ANA_OUT1_PM.o .\CortexM0p\ARM_GCC_541\Debug\ANA_OUT2.o .\CortexM0p\ARM_GCC_541\Debug\ANA_OUT2_PM.o .\CortexM0p\ARM_GCC_541\Debug\DIGITAL_OUT1.o .\CortexM0p\ARM_GCC_541\Debug\DIGITAL_OUT1_PM.o .\CortexM0p\ARM_GCC_541\Debug\DIGITAL_OUT2.o .\CortexM0p\ARM_GCC_541\Debug\DIGITAL_OUT2_PM.o .\CortexM0p\ARM_GCC_541\Debug\DIGITAL_IN1.o .\CortexM0p\ARM_GCC_541\Debug\DIGITAL_IN1_PM.o .\CortexM0p\ARM_GCC_541\Debug\DIGITAL_IN2.o .\CortexM0p\ARM_GCC_541\Debug\DIGITAL_IN2_PM.o .\CortexM0p\ARM_GCC_541\Debug\CyBootAsmGnu.o
arm-none-eabi-ar.exe: creating .\CortexM0p\ARM_GCC_541\Debug\IOBoard.a
arm-none-eabi-gcc.exe -Wl,--start-group -o C:\projects\LaserBodyRoll\software\IOBoard\IOBoard.cydsn\CortexM0p\ARM_GCC_541\Debug\IOBoard.elf .\CortexM0p\ARM_GCC_541\Debug\main.o .\CortexM0p\ARM_GCC_541\Debug\cyfitter_cfg.o .\CortexM0p\ARM_GCC_541\Debug\cymetadata.o .\CortexM0p\ARM_GCC_541\Debug\Cm0plusStart.o .\CortexM0p\ARM_GCC_541\Debug\IOBoard.a -mcpu=cortex-m0plus -mthumb -L Generated_Source\PSoC4 -Wl,-Map,.\CortexM0p\ARM_GCC_541\Debug/IOBoard.map -T Generated_Source\PSoC4\cm0plusgcc.ld -specs=nano.specs -Wl,--gc-sections -g -ffunction-sections -Og -ffat-lto-objects -Wl,--end-group
cyelftool.exe -C C:\projects\LaserBodyRoll\software\IOBoard\IOBoard.cydsn\CortexM0p\ARM_GCC_541\Debug\IOBoard.elf --flash_row_size 128 --flash_size 32768 --flash_offset 0x00000000
cyelftool.exe -S C:\projects\LaserBodyRoll\software\IOBoard\IOBoard.cydsn\CortexM0p\ARM_GCC_541\Debug\IOBoard.elf
Flash used: 4048 of 32768 bytes (12.4%).
SRAM used: 1780 of 4096 bytes (43.5%). Stack: 1024 bytes. Heap: 128 bytes.
--------------- Build Succeeded: 01/20/2018 13:28:15 ---------------
