ARM GAS  C:\Users\nbutts\AppData\Local\Temp\ccMCUtTc.s 			page 1


   1              		.syntax unified
   2              		.cpu cortex-m0plus
   3              		.fpu softvfp
   4              		.eabi_attribute 20, 1
   5              		.eabi_attribute 21, 1
   6              		.eabi_attribute 23, 3
   7              		.eabi_attribute 24, 1
   8              		.eabi_attribute 25, 1
   9              		.eabi_attribute 26, 1
  10              		.eabi_attribute 30, 1
  11              		.eabi_attribute 34, 0
  12              		.eabi_attribute 18, 4
  13              		.thumb
  14              		.syntax unified
  15              		.file	"VDAC_1_PM.c"
  16              		.text
  17              	.Ltext0:
  18              		.cfi_sections	.debug_frame
  19              		.section	.text.VDAC_1_Sleep,"ax",%progbits
  20              		.align	2
  21              		.global	VDAC_1_Sleep
  22              		.code	16
  23              		.thumb_func
  24              		.type	VDAC_1_Sleep, %function
  25              	VDAC_1_Sleep:
  26              	.LFB1:
  27              		.file 1 "Generated_Source\\PSoC4\\VDAC_1_PM.c"
   1:Generated_Source\PSoC4/VDAC_1_PM.c **** /***************************************************************************//**
   2:Generated_Source\PSoC4/VDAC_1_PM.c **** * \file VDAC_1_PM.c  
   3:Generated_Source\PSoC4/VDAC_1_PM.c **** * \version 1.10
   4:Generated_Source\PSoC4/VDAC_1_PM.c **** *
   5:Generated_Source\PSoC4/VDAC_1_PM.c **** * \brief
   6:Generated_Source\PSoC4/VDAC_1_PM.c **** *  This file provides the power manager source code to the API for PGA 
   7:Generated_Source\PSoC4/VDAC_1_PM.c **** *  Component.
   8:Generated_Source\PSoC4/VDAC_1_PM.c **** *
   9:Generated_Source\PSoC4/VDAC_1_PM.c **** ********************************************************************************
  10:Generated_Source\PSoC4/VDAC_1_PM.c **** * \copyright
  11:Generated_Source\PSoC4/VDAC_1_PM.c **** * (c) 2014-2015, Cypress Semiconductor Corporation. All rights reserved.
  12:Generated_Source\PSoC4/VDAC_1_PM.c **** * This software, including source code, documentation and related
  13:Generated_Source\PSoC4/VDAC_1_PM.c **** * materials ("Software"), is owned by Cypress Semiconductor
  14:Generated_Source\PSoC4/VDAC_1_PM.c **** * Corporation ("Cypress") and is protected by and subject to worldwide
  15:Generated_Source\PSoC4/VDAC_1_PM.c **** * patent protection (United States and foreign), United States copyright
  16:Generated_Source\PSoC4/VDAC_1_PM.c **** * laws and international treaty provisions. Therefore, you may use this
  17:Generated_Source\PSoC4/VDAC_1_PM.c **** * Software only as provided in the license agreement accompanying the
  18:Generated_Source\PSoC4/VDAC_1_PM.c **** * software package from which you obtained this Software ("EULA").
  19:Generated_Source\PSoC4/VDAC_1_PM.c **** * If no EULA applies, Cypress hereby grants you a personal, nonexclusive,
  20:Generated_Source\PSoC4/VDAC_1_PM.c **** * non-transferable license to copy, modify, and compile the
  21:Generated_Source\PSoC4/VDAC_1_PM.c **** * Software source code solely for use in connection with Cypress's
  22:Generated_Source\PSoC4/VDAC_1_PM.c **** * integrated circuit products. Any reproduction, modification, translation,
  23:Generated_Source\PSoC4/VDAC_1_PM.c **** * compilation, or representation of this Software except as specified
  24:Generated_Source\PSoC4/VDAC_1_PM.c **** * above is prohibited without the express written permission of Cypress.
  25:Generated_Source\PSoC4/VDAC_1_PM.c **** * Disclaimer: THIS SOFTWARE IS PROVIDED AS-IS, WITH NO
  26:Generated_Source\PSoC4/VDAC_1_PM.c **** * WARRANTY OF ANY KIND, EXPRESS OR IMPLIED, INCLUDING,
  27:Generated_Source\PSoC4/VDAC_1_PM.c **** * BUT NOT LIMITED TO, NONINFRINGEMENT, IMPLIED
  28:Generated_Source\PSoC4/VDAC_1_PM.c **** * WARRANTIES OF MERCHANTABILITY AND FITNESS FOR A
  29:Generated_Source\PSoC4/VDAC_1_PM.c **** * PARTICULAR PURPOSE. Cypress reserves the right to make
  30:Generated_Source\PSoC4/VDAC_1_PM.c **** * changes to the Software without notice. Cypress does not assume any
ARM GAS  C:\Users\nbutts\AppData\Local\Temp\ccMCUtTc.s 			page 2


  31:Generated_Source\PSoC4/VDAC_1_PM.c **** * liability arising out of the application or use of the Software or any
  32:Generated_Source\PSoC4/VDAC_1_PM.c **** * product or circuit described in the Software. Cypress does not
  33:Generated_Source\PSoC4/VDAC_1_PM.c **** * authorize its products for use in any products where a malfunction or
  34:Generated_Source\PSoC4/VDAC_1_PM.c **** * failure of the Cypress product may reasonably be expected to result in
  35:Generated_Source\PSoC4/VDAC_1_PM.c **** * significant property damage, injury or death ("High Risk Product"). By
  36:Generated_Source\PSoC4/VDAC_1_PM.c **** * including Cypress's product in a High Risk Product, the manufacturer
  37:Generated_Source\PSoC4/VDAC_1_PM.c **** * of such system or application assumes all risk of such use and in doing
  38:Generated_Source\PSoC4/VDAC_1_PM.c **** * so agrees to indemnify Cypress against all liability.
  39:Generated_Source\PSoC4/VDAC_1_PM.c **** *******************************************************************************/
  40:Generated_Source\PSoC4/VDAC_1_PM.c **** 
  41:Generated_Source\PSoC4/VDAC_1_PM.c **** #include "VDAC_1.h" /* Need VDAC's .h */
  42:Generated_Source\PSoC4/VDAC_1_PM.c **** #include "VDAC_1_UAB.h" /* Need sub-component's functions */
  43:Generated_Source\PSoC4/VDAC_1_PM.c **** #include "VDAC_1_OUTBUFFER.h" 
  44:Generated_Source\PSoC4/VDAC_1_PM.c **** /**
  45:Generated_Source\PSoC4/VDAC_1_PM.c **** * \addtogroup group_globals
  46:Generated_Source\PSoC4/VDAC_1_PM.c **** * @{
  47:Generated_Source\PSoC4/VDAC_1_PM.c **** */
  48:Generated_Source\PSoC4/VDAC_1_PM.c **** /** Contains configuration of VDAC_1 before sleep. Enable state is the
  49:Generated_Source\PSoC4/VDAC_1_PM.c **** *   only data required to be preserved. */
  50:Generated_Source\PSoC4/VDAC_1_PM.c **** static VDAC_1_BACKUP_STRUCT  VDAC_1_backup;
  51:Generated_Source\PSoC4/VDAC_1_PM.c **** /** @} globals */
  52:Generated_Source\PSoC4/VDAC_1_PM.c **** 
  53:Generated_Source\PSoC4/VDAC_1_PM.c **** 
  54:Generated_Source\PSoC4/VDAC_1_PM.c **** /*******************************************************************************   
  55:Generated_Source\PSoC4/VDAC_1_PM.c **** * Function Name: VDAC_1_Sleep
  56:Generated_Source\PSoC4/VDAC_1_PM.c **** ****************************************************************************//**
  57:Generated_Source\PSoC4/VDAC_1_PM.c **** *
  58:Generated_Source\PSoC4/VDAC_1_PM.c **** * \brief
  59:Generated_Source\PSoC4/VDAC_1_PM.c **** *  Disables block's operation and saves its configuration. Should be called 
  60:Generated_Source\PSoC4/VDAC_1_PM.c **** *  just prior to entering sleep.
  61:Generated_Source\PSoC4/VDAC_1_PM.c **** *
  62:Generated_Source\PSoC4/VDAC_1_PM.c **** * \globalvars
  63:Generated_Source\PSoC4/VDAC_1_PM.c **** *  \ref VDAC_1_backup (W)
  64:Generated_Source\PSoC4/VDAC_1_PM.c **** *
  65:Generated_Source\PSoC4/VDAC_1_PM.c **** * \sideeffect
  66:Generated_Source\PSoC4/VDAC_1_PM.c **** *  None.
  67:Generated_Source\PSoC4/VDAC_1_PM.c **** *
  68:Generated_Source\PSoC4/VDAC_1_PM.c **** * <b>Code Snippet</b>
  69:Generated_Source\PSoC4/VDAC_1_PM.c **** *  \snippet main.c snippet_VDAC_1_Sleep
  70:Generated_Source\PSoC4/VDAC_1_PM.c **** *
  71:Generated_Source\PSoC4/VDAC_1_PM.c **** *
  72:Generated_Source\PSoC4/VDAC_1_PM.c **** * \globalvars
  73:Generated_Source\PSoC4/VDAC_1_PM.c **** *  \ref VDAC_1_backup
  74:Generated_Source\PSoC4/VDAC_1_PM.c **** *
  75:Generated_Source\PSoC4/VDAC_1_PM.c **** *******************************************************************************/
  76:Generated_Source\PSoC4/VDAC_1_PM.c **** void VDAC_1_Sleep(void) 
  77:Generated_Source\PSoC4/VDAC_1_PM.c **** {
  28              		.loc 1 77 0
  29              		.cfi_startproc
  30              		@ args = 0, pretend = 0, frame = 0
  31              		@ frame_needed = 0, uses_anonymous_args = 0
  32 0000 10B5     		push	{r4, lr}
  33              		.cfi_def_cfa_offset 8
  34              		.cfi_offset 4, -8
  35              		.cfi_offset 14, -4
  78:Generated_Source\PSoC4/VDAC_1_PM.c ****     /* Save UAB_VDAC enable state */
  79:Generated_Source\PSoC4/VDAC_1_PM.c ****     if( 0UL != (VDAC_1_UAB_SRAM_CTRL_REG & VDAC_1_UAB_RUN_MASK)  )
ARM GAS  C:\Users\nbutts\AppData\Local\Temp\ccMCUtTc.s 			page 3


  36              		.loc 1 79 0
  37 0002 0A4B     		ldr	r3, .L5
  38 0004 1B68     		ldr	r3, [r3]
  39 0006 002B     		cmp	r3, #0
  40 0008 0CDA     		bge	.L2
  80:Generated_Source\PSoC4/VDAC_1_PM.c ****     {
  81:Generated_Source\PSoC4/VDAC_1_PM.c ****         /* Component is enabled */
  82:Generated_Source\PSoC4/VDAC_1_PM.c ****         VDAC_1_backup.enableState = VDAC_1_BACKUP_BLOCKENABLED;
  41              		.loc 1 82 0
  42 000a 0122     		movs	r2, #1
  43 000c 084B     		ldr	r3, .L5+4
  44 000e 1A70     		strb	r2, [r3]
  83:Generated_Source\PSoC4/VDAC_1_PM.c ****         if (VDAC_1_OUTBUFFER_CHECK_PWR_MODE_OFF)
  45              		.loc 1 83 0
  46 0010 084B     		ldr	r3, .L5+8
  47 0012 1B68     		ldr	r3, [r3]
  48 0014 9B07     		lsls	r3, r3, #30
  49 0016 02D0     		beq	.L3
  84:Generated_Source\PSoC4/VDAC_1_PM.c ****         {
  85:Generated_Source\PSoC4/VDAC_1_PM.c ****             /* Output is not HiZ */
  86:Generated_Source\PSoC4/VDAC_1_PM.c ****             VDAC_1_backup.enableState |= VDAC_1_BACKUP_OUTPUTDRIVEN;
  50              		.loc 1 86 0
  51 0018 0232     		adds	r2, r2, #2
  52 001a 054B     		ldr	r3, .L5+4
  53 001c 1A70     		strb	r2, [r3]
  54              	.L3:
  87:Generated_Source\PSoC4/VDAC_1_PM.c ****         }
  88:Generated_Source\PSoC4/VDAC_1_PM.c ****         /* Stop the configuration */
  89:Generated_Source\PSoC4/VDAC_1_PM.c ****         VDAC_1_Stop();
  55              		.loc 1 89 0
  56 001e FFF7FEFF 		bl	VDAC_1_Stop
  57              	.LVL0:
  58 0022 02E0     		b	.L1
  59              	.L2:
  90:Generated_Source\PSoC4/VDAC_1_PM.c ****     }
  91:Generated_Source\PSoC4/VDAC_1_PM.c ****     else
  92:Generated_Source\PSoC4/VDAC_1_PM.c ****     {
  93:Generated_Source\PSoC4/VDAC_1_PM.c ****         /* Component is disabled */
  94:Generated_Source\PSoC4/VDAC_1_PM.c ****         VDAC_1_backup.enableState = 0u;
  60              		.loc 1 94 0
  61 0024 0022     		movs	r2, #0
  62 0026 024B     		ldr	r3, .L5+4
  63 0028 1A70     		strb	r2, [r3]
  64              	.L1:
  95:Generated_Source\PSoC4/VDAC_1_PM.c ****     }
  96:Generated_Source\PSoC4/VDAC_1_PM.c **** }
  65              		.loc 1 96 0
  66              		@ sp needed
  67 002a 10BD     		pop	{r4, pc}
  68              	.L6:
  69              		.align	2
  70              	.L5:
  71 002c 78023440 		.word	1077150328
  72 0030 00000000 		.word	.LANCHOR0
  73 0034 08003140 		.word	1076953096
  74              		.cfi_endproc
  75              	.LFE1:
ARM GAS  C:\Users\nbutts\AppData\Local\Temp\ccMCUtTc.s 			page 4


  76              		.size	VDAC_1_Sleep, .-VDAC_1_Sleep
  77              		.section	.text.VDAC_1_Wakeup,"ax",%progbits
  78              		.align	2
  79              		.global	VDAC_1_Wakeup
  80              		.code	16
  81              		.thumb_func
  82              		.type	VDAC_1_Wakeup, %function
  83              	VDAC_1_Wakeup:
  84              	.LFB2:
  97:Generated_Source\PSoC4/VDAC_1_PM.c **** 
  98:Generated_Source\PSoC4/VDAC_1_PM.c **** 
  99:Generated_Source\PSoC4/VDAC_1_PM.c **** /*******************************************************************************
 100:Generated_Source\PSoC4/VDAC_1_PM.c **** * Function Name: VDAC_1_Wakeup
 101:Generated_Source\PSoC4/VDAC_1_PM.c **** ****************************************************************************//**
 102:Generated_Source\PSoC4/VDAC_1_PM.c **** *
 103:Generated_Source\PSoC4/VDAC_1_PM.c **** * \brief
 104:Generated_Source\PSoC4/VDAC_1_PM.c **** *  Enables block's operation and restores its configuration. Should be called
 105:Generated_Source\PSoC4/VDAC_1_PM.c **** *  just after awaking from sleep.
 106:Generated_Source\PSoC4/VDAC_1_PM.c **** *
 107:Generated_Source\PSoC4/VDAC_1_PM.c **** * \globalvars
 108:Generated_Source\PSoC4/VDAC_1_PM.c **** *  \ref VDAC_1_backup (R)
 109:Generated_Source\PSoC4/VDAC_1_PM.c **** *
 110:Generated_Source\PSoC4/VDAC_1_PM.c **** * \sideeffect
 111:Generated_Source\PSoC4/VDAC_1_PM.c **** *  None.
 112:Generated_Source\PSoC4/VDAC_1_PM.c **** *
 113:Generated_Source\PSoC4/VDAC_1_PM.c **** * <b>Code Snippet</b>
 114:Generated_Source\PSoC4/VDAC_1_PM.c **** *  \snippet main.c snippet_VDAC_1_Wakeup
 115:Generated_Source\PSoC4/VDAC_1_PM.c **** *
 116:Generated_Source\PSoC4/VDAC_1_PM.c **** *
 117:Generated_Source\PSoC4/VDAC_1_PM.c **** * \globalvars
 118:Generated_Source\PSoC4/VDAC_1_PM.c **** *  \ref VDAC_1_backup
 119:Generated_Source\PSoC4/VDAC_1_PM.c **** * 
 120:Generated_Source\PSoC4/VDAC_1_PM.c **** *******************************************************************************/
 121:Generated_Source\PSoC4/VDAC_1_PM.c **** void VDAC_1_Wakeup(void)
 122:Generated_Source\PSoC4/VDAC_1_PM.c **** {
  85              		.loc 1 122 0
  86              		.cfi_startproc
  87              		@ args = 0, pretend = 0, frame = 0
  88              		@ frame_needed = 0, uses_anonymous_args = 0
  89 0000 10B5     		push	{r4, lr}
  90              		.cfi_def_cfa_offset 8
  91              		.cfi_offset 4, -8
  92              		.cfi_offset 14, -4
 123:Generated_Source\PSoC4/VDAC_1_PM.c ****      /* Enables the component operation */
 124:Generated_Source\PSoC4/VDAC_1_PM.c ****     if((VDAC_1_backup.enableState & VDAC_1_BACKUP_BLOCKENABLED)
  93              		.loc 1 124 0
  94 0002 094B     		ldr	r3, .L10
  95 0004 1B78     		ldrb	r3, [r3]
  96 0006 DB07     		lsls	r3, r3, #31
  97 0008 0CD5     		bpl	.L7
 125:Generated_Source\PSoC4/VDAC_1_PM.c ****         == VDAC_1_BACKUP_BLOCKENABLED) /* If block was enabled... */
 126:Generated_Source\PSoC4/VDAC_1_PM.c ****     {
 127:Generated_Source\PSoC4/VDAC_1_PM.c ****         /* Then enable rest of block */
 128:Generated_Source\PSoC4/VDAC_1_PM.c ****         VDAC_1_Enable();
  98              		.loc 1 128 0
  99 000a FFF7FEFF 		bl	VDAC_1_Enable
 100              	.LVL1:
ARM GAS  C:\Users\nbutts\AppData\Local\Temp\ccMCUtTc.s 			page 5


 129:Generated_Source\PSoC4/VDAC_1_PM.c ****         /* Set up output buffer first */
 130:Generated_Source\PSoC4/VDAC_1_PM.c ****         if ((VDAC_1_backup.enableState & VDAC_1_BACKUP_OUTPUTDRIVEN) 
 101              		.loc 1 130 0
 102 000e 064B     		ldr	r3, .L10
 103 0010 1B78     		ldrb	r3, [r3]
 104 0012 9B07     		lsls	r3, r3, #30
 105 0014 03D5     		bpl	.L9
 131:Generated_Source\PSoC4/VDAC_1_PM.c ****              == VDAC_1_BACKUP_OUTPUTDRIVEN) /* If output was not HiZ */
 132:Generated_Source\PSoC4/VDAC_1_PM.c ****         {
 133:Generated_Source\PSoC4/VDAC_1_PM.c ****             VDAC_1_SetHiZ(VDAC_1_OUTSTATE_DRIVEN);
 106              		.loc 1 133 0
 107 0016 0020     		movs	r0, #0
 108 0018 FFF7FEFF 		bl	VDAC_1_SetHiZ
 109              	.LVL2:
 110 001c 02E0     		b	.L7
 111              	.L9:
 134:Generated_Source\PSoC4/VDAC_1_PM.c ****         }
 135:Generated_Source\PSoC4/VDAC_1_PM.c ****         else
 136:Generated_Source\PSoC4/VDAC_1_PM.c ****         {
 137:Generated_Source\PSoC4/VDAC_1_PM.c ****             VDAC_1_SetHiZ(VDAC_1_OUTSTATE_HIZ);
 112              		.loc 1 137 0
 113 001e 0120     		movs	r0, #1
 114 0020 FFF7FEFF 		bl	VDAC_1_SetHiZ
 115              	.LVL3:
 116              	.L7:
 138:Generated_Source\PSoC4/VDAC_1_PM.c ****         }
 139:Generated_Source\PSoC4/VDAC_1_PM.c ****     } /* Do nothing if component was disable before */
 140:Generated_Source\PSoC4/VDAC_1_PM.c **** }
 117              		.loc 1 140 0
 118              		@ sp needed
 119 0024 10BD     		pop	{r4, pc}
 120              	.L11:
 121 0026 C046     		.align	2
 122              	.L10:
 123 0028 00000000 		.word	.LANCHOR0
 124              		.cfi_endproc
 125              	.LFE2:
 126              		.size	VDAC_1_Wakeup, .-VDAC_1_Wakeup
 127              		.bss
 128              		.align	2
 129              		.set	.LANCHOR0,. + 0
 130              		.type	VDAC_1_backup, %object
 131              		.size	VDAC_1_backup, 1
 132              	VDAC_1_backup:
 133 0000 00       		.space	1
 134              		.text
 135              	.Letext0:
 136              		.file 2 "Generated_Source\\PSoC4\\cytypes.h"
 137              		.file 3 "Generated_Source\\PSoC4\\VDAC_1.h"
 138              		.section	.debug_info,"",%progbits
 139              	.Ldebug_info0:
 140 0000 8B010000 		.4byte	0x18b
 141 0004 0400     		.2byte	0x4
 142 0006 00000000 		.4byte	.Ldebug_abbrev0
 143 000a 04       		.byte	0x4
 144 000b 01       		.uleb128 0x1
 145 000c 6C010000 		.4byte	.LASF26
ARM GAS  C:\Users\nbutts\AppData\Local\Temp\ccMCUtTc.s 			page 6


 146 0010 0C       		.byte	0xc
 147 0011 22000000 		.4byte	.LASF27
 148 0015 0A020000 		.4byte	.LASF28
 149 0019 00000000 		.4byte	.Ldebug_ranges0+0
 150 001d 00000000 		.4byte	0
 151 0021 00000000 		.4byte	.Ldebug_line0
 152 0025 02       		.uleb128 0x2
 153 0026 01       		.byte	0x1
 154 0027 06       		.byte	0x6
 155 0028 FE010000 		.4byte	.LASF0
 156 002c 02       		.uleb128 0x2
 157 002d 01       		.byte	0x1
 158 002e 08       		.byte	0x8
 159 002f 79000000 		.4byte	.LASF1
 160 0033 02       		.uleb128 0x2
 161 0034 02       		.byte	0x2
 162 0035 05       		.byte	0x5
 163 0036 2D010000 		.4byte	.LASF2
 164 003a 02       		.uleb128 0x2
 165 003b 02       		.byte	0x2
 166 003c 07       		.byte	0x7
 167 003d 53000000 		.4byte	.LASF3
 168 0041 02       		.uleb128 0x2
 169 0042 04       		.byte	0x4
 170 0043 05       		.byte	0x5
 171 0044 4B010000 		.4byte	.LASF4
 172 0048 02       		.uleb128 0x2
 173 0049 04       		.byte	0x4
 174 004a 07       		.byte	0x7
 175 004b 87000000 		.4byte	.LASF5
 176 004f 02       		.uleb128 0x2
 177 0050 08       		.byte	0x8
 178 0051 05       		.byte	0x5
 179 0052 1A010000 		.4byte	.LASF6
 180 0056 02       		.uleb128 0x2
 181 0057 08       		.byte	0x8
 182 0058 07       		.byte	0x7
 183 0059 E5000000 		.4byte	.LASF7
 184 005d 03       		.uleb128 0x3
 185 005e 04       		.byte	0x4
 186 005f 05       		.byte	0x5
 187 0060 696E7400 		.ascii	"int\000"
 188 0064 02       		.uleb128 0x2
 189 0065 04       		.byte	0x4
 190 0066 07       		.byte	0x7
 191 0067 D8000000 		.4byte	.LASF8
 192 006b 04       		.uleb128 0x4
 193 006c 45010000 		.4byte	.LASF9
 194 0070 02       		.byte	0x2
 195 0071 E401     		.2byte	0x1e4
 196 0073 2C000000 		.4byte	0x2c
 197 0077 04       		.uleb128 0x4
 198 0078 BA000000 		.4byte	.LASF10
 199 007c 02       		.byte	0x2
 200 007d E601     		.2byte	0x1e6
 201 007f 48000000 		.4byte	0x48
 202 0083 04       		.uleb128 0x4
ARM GAS  C:\Users\nbutts\AppData\Local\Temp\ccMCUtTc.s 			page 7


 203 0084 99000000 		.4byte	.LASF11
 204 0088 02       		.byte	0x2
 205 0089 E901     		.2byte	0x1e9
 206 008b 41000000 		.4byte	0x41
 207 008f 02       		.uleb128 0x2
 208 0090 04       		.byte	0x4
 209 0091 04       		.byte	0x4
 210 0092 73000000 		.4byte	.LASF12
 211 0096 02       		.uleb128 0x2
 212 0097 08       		.byte	0x8
 213 0098 04       		.byte	0x4
 214 0099 9F000000 		.4byte	.LASF13
 215 009d 02       		.uleb128 0x2
 216 009e 01       		.byte	0x1
 217 009f 08       		.byte	0x8
 218 00a0 28010000 		.4byte	.LASF14
 219 00a4 04       		.uleb128 0x4
 220 00a5 0E000000 		.4byte	.LASF15
 221 00a9 02       		.byte	0x2
 222 00aa 9002     		.2byte	0x290
 223 00ac B0000000 		.4byte	0xb0
 224 00b0 05       		.uleb128 0x5
 225 00b1 77000000 		.4byte	0x77
 226 00b5 02       		.uleb128 0x2
 227 00b6 08       		.byte	0x8
 228 00b7 04       		.byte	0x4
 229 00b8 60010000 		.4byte	.LASF16
 230 00bc 02       		.uleb128 0x2
 231 00bd 04       		.byte	0x4
 232 00be 07       		.byte	0x7
 233 00bf 11010000 		.4byte	.LASF17
 234 00c3 06       		.uleb128 0x6
 235 00c4 01       		.byte	0x1
 236 00c5 03       		.byte	0x3
 237 00c6 47       		.byte	0x47
 238 00c7 D8000000 		.4byte	0xd8
 239 00cb 07       		.uleb128 0x7
 240 00cc 54010000 		.4byte	.LASF29
 241 00d0 03       		.byte	0x3
 242 00d1 4C       		.byte	0x4c
 243 00d2 6B000000 		.4byte	0x6b
 244 00d6 00       		.byte	0
 245 00d7 00       		.byte	0
 246 00d8 08       		.uleb128 0x8
 247 00d9 FC000000 		.4byte	.LASF18
 248 00dd 03       		.byte	0x3
 249 00de 4D       		.byte	0x4d
 250 00df C3000000 		.4byte	0xc3
 251 00e3 09       		.uleb128 0x9
 252 00e4 01       		.byte	0x1
 253 00e5 2C000000 		.4byte	0x2c
 254 00e9 03       		.byte	0x3
 255 00ea B0       		.byte	0xb0
 256 00eb FC000000 		.4byte	0xfc
 257 00ef 0A       		.uleb128 0xa
 258 00f0 C1000000 		.4byte	.LASF19
 259 00f4 00       		.byte	0
ARM GAS  C:\Users\nbutts\AppData\Local\Temp\ccMCUtTc.s 			page 8


 260 00f5 0A       		.uleb128 0xa
 261 00f6 A6000000 		.4byte	.LASF20
 262 00fa 01       		.byte	0x1
 263 00fb 00       		.byte	0
 264 00fc 0B       		.uleb128 0xb
 265 00fd 66000000 		.4byte	.LASF21
 266 0101 01       		.byte	0x1
 267 0102 4C       		.byte	0x4c
 268 0103 00000000 		.4byte	.LFB1
 269 0107 38000000 		.4byte	.LFE1-.LFB1
 270 010b 01       		.uleb128 0x1
 271 010c 9C       		.byte	0x9c
 272 010d 1B010000 		.4byte	0x11b
 273 0111 0C       		.uleb128 0xc
 274 0112 22000000 		.4byte	.LVL0
 275 0116 6D010000 		.4byte	0x16d
 276 011a 00       		.byte	0
 277 011b 0B       		.uleb128 0xb
 278 011c 14000000 		.4byte	.LASF22
 279 0120 01       		.byte	0x1
 280 0121 79       		.byte	0x79
 281 0122 00000000 		.4byte	.LFB2
 282 0126 2C000000 		.4byte	.LFE2-.LFB2
 283 012a 01       		.uleb128 0x1
 284 012b 9C       		.byte	0x9c
 285 012c 5C010000 		.4byte	0x15c
 286 0130 0C       		.uleb128 0xc
 287 0131 0E000000 		.4byte	.LVL1
 288 0135 78010000 		.4byte	0x178
 289 0139 0D       		.uleb128 0xd
 290 013a 1C000000 		.4byte	.LVL2
 291 013e 83010000 		.4byte	0x183
 292 0142 4C010000 		.4byte	0x14c
 293 0146 0E       		.uleb128 0xe
 294 0147 01       		.uleb128 0x1
 295 0148 50       		.byte	0x50
 296 0149 01       		.uleb128 0x1
 297 014a 30       		.byte	0x30
 298 014b 00       		.byte	0
 299 014c 0F       		.uleb128 0xf
 300 014d 24000000 		.4byte	.LVL3
 301 0151 83010000 		.4byte	0x183
 302 0155 0E       		.uleb128 0xe
 303 0156 01       		.uleb128 0x1
 304 0157 50       		.byte	0x50
 305 0158 01       		.uleb128 0x1
 306 0159 31       		.byte	0x31
 307 015a 00       		.byte	0
 308 015b 00       		.byte	0
 309 015c 10       		.uleb128 0x10
 310 015d 37010000 		.4byte	.LASF30
 311 0161 01       		.byte	0x1
 312 0162 32       		.byte	0x32
 313 0163 D8000000 		.4byte	0xd8
 314 0167 05       		.uleb128 0x5
 315 0168 03       		.byte	0x3
 316 0169 00000000 		.4byte	VDAC_1_backup
ARM GAS  C:\Users\nbutts\AppData\Local\Temp\ccMCUtTc.s 			page 9


 317 016d 11       		.uleb128 0x11
 318 016e 3B020000 		.4byte	.LASF23
 319 0172 3B020000 		.4byte	.LASF23
 320 0176 03       		.byte	0x3
 321 0177 CF       		.byte	0xcf
 322 0178 11       		.uleb128 0x11
 323 0179 00000000 		.4byte	.LASF24
 324 017d 00000000 		.4byte	.LASF24
 325 0181 03       		.byte	0x3
 326 0182 DA       		.byte	0xda
 327 0183 11       		.uleb128 0x11
 328 0184 45000000 		.4byte	.LASF25
 329 0188 45000000 		.4byte	.LASF25
 330 018c 03       		.byte	0x3
 331 018d D7       		.byte	0xd7
 332 018e 00       		.byte	0
 333              		.section	.debug_abbrev,"",%progbits
 334              	.Ldebug_abbrev0:
 335 0000 01       		.uleb128 0x1
 336 0001 11       		.uleb128 0x11
 337 0002 01       		.byte	0x1
 338 0003 25       		.uleb128 0x25
 339 0004 0E       		.uleb128 0xe
 340 0005 13       		.uleb128 0x13
 341 0006 0B       		.uleb128 0xb
 342 0007 03       		.uleb128 0x3
 343 0008 0E       		.uleb128 0xe
 344 0009 1B       		.uleb128 0x1b
 345 000a 0E       		.uleb128 0xe
 346 000b 55       		.uleb128 0x55
 347 000c 17       		.uleb128 0x17
 348 000d 11       		.uleb128 0x11
 349 000e 01       		.uleb128 0x1
 350 000f 10       		.uleb128 0x10
 351 0010 17       		.uleb128 0x17
 352 0011 00       		.byte	0
 353 0012 00       		.byte	0
 354 0013 02       		.uleb128 0x2
 355 0014 24       		.uleb128 0x24
 356 0015 00       		.byte	0
 357 0016 0B       		.uleb128 0xb
 358 0017 0B       		.uleb128 0xb
 359 0018 3E       		.uleb128 0x3e
 360 0019 0B       		.uleb128 0xb
 361 001a 03       		.uleb128 0x3
 362 001b 0E       		.uleb128 0xe
 363 001c 00       		.byte	0
 364 001d 00       		.byte	0
 365 001e 03       		.uleb128 0x3
 366 001f 24       		.uleb128 0x24
 367 0020 00       		.byte	0
 368 0021 0B       		.uleb128 0xb
 369 0022 0B       		.uleb128 0xb
 370 0023 3E       		.uleb128 0x3e
 371 0024 0B       		.uleb128 0xb
 372 0025 03       		.uleb128 0x3
 373 0026 08       		.uleb128 0x8
ARM GAS  C:\Users\nbutts\AppData\Local\Temp\ccMCUtTc.s 			page 10


 374 0027 00       		.byte	0
 375 0028 00       		.byte	0
 376 0029 04       		.uleb128 0x4
 377 002a 16       		.uleb128 0x16
 378 002b 00       		.byte	0
 379 002c 03       		.uleb128 0x3
 380 002d 0E       		.uleb128 0xe
 381 002e 3A       		.uleb128 0x3a
 382 002f 0B       		.uleb128 0xb
 383 0030 3B       		.uleb128 0x3b
 384 0031 05       		.uleb128 0x5
 385 0032 49       		.uleb128 0x49
 386 0033 13       		.uleb128 0x13
 387 0034 00       		.byte	0
 388 0035 00       		.byte	0
 389 0036 05       		.uleb128 0x5
 390 0037 35       		.uleb128 0x35
 391 0038 00       		.byte	0
 392 0039 49       		.uleb128 0x49
 393 003a 13       		.uleb128 0x13
 394 003b 00       		.byte	0
 395 003c 00       		.byte	0
 396 003d 06       		.uleb128 0x6
 397 003e 13       		.uleb128 0x13
 398 003f 01       		.byte	0x1
 399 0040 0B       		.uleb128 0xb
 400 0041 0B       		.uleb128 0xb
 401 0042 3A       		.uleb128 0x3a
 402 0043 0B       		.uleb128 0xb
 403 0044 3B       		.uleb128 0x3b
 404 0045 0B       		.uleb128 0xb
 405 0046 01       		.uleb128 0x1
 406 0047 13       		.uleb128 0x13
 407 0048 00       		.byte	0
 408 0049 00       		.byte	0
 409 004a 07       		.uleb128 0x7
 410 004b 0D       		.uleb128 0xd
 411 004c 00       		.byte	0
 412 004d 03       		.uleb128 0x3
 413 004e 0E       		.uleb128 0xe
 414 004f 3A       		.uleb128 0x3a
 415 0050 0B       		.uleb128 0xb
 416 0051 3B       		.uleb128 0x3b
 417 0052 0B       		.uleb128 0xb
 418 0053 49       		.uleb128 0x49
 419 0054 13       		.uleb128 0x13
 420 0055 38       		.uleb128 0x38
 421 0056 0B       		.uleb128 0xb
 422 0057 00       		.byte	0
 423 0058 00       		.byte	0
 424 0059 08       		.uleb128 0x8
 425 005a 16       		.uleb128 0x16
 426 005b 00       		.byte	0
 427 005c 03       		.uleb128 0x3
 428 005d 0E       		.uleb128 0xe
 429 005e 3A       		.uleb128 0x3a
 430 005f 0B       		.uleb128 0xb
ARM GAS  C:\Users\nbutts\AppData\Local\Temp\ccMCUtTc.s 			page 11


 431 0060 3B       		.uleb128 0x3b
 432 0061 0B       		.uleb128 0xb
 433 0062 49       		.uleb128 0x49
 434 0063 13       		.uleb128 0x13
 435 0064 00       		.byte	0
 436 0065 00       		.byte	0
 437 0066 09       		.uleb128 0x9
 438 0067 04       		.uleb128 0x4
 439 0068 01       		.byte	0x1
 440 0069 0B       		.uleb128 0xb
 441 006a 0B       		.uleb128 0xb
 442 006b 49       		.uleb128 0x49
 443 006c 13       		.uleb128 0x13
 444 006d 3A       		.uleb128 0x3a
 445 006e 0B       		.uleb128 0xb
 446 006f 3B       		.uleb128 0x3b
 447 0070 0B       		.uleb128 0xb
 448 0071 01       		.uleb128 0x1
 449 0072 13       		.uleb128 0x13
 450 0073 00       		.byte	0
 451 0074 00       		.byte	0
 452 0075 0A       		.uleb128 0xa
 453 0076 28       		.uleb128 0x28
 454 0077 00       		.byte	0
 455 0078 03       		.uleb128 0x3
 456 0079 0E       		.uleb128 0xe
 457 007a 1C       		.uleb128 0x1c
 458 007b 0B       		.uleb128 0xb
 459 007c 00       		.byte	0
 460 007d 00       		.byte	0
 461 007e 0B       		.uleb128 0xb
 462 007f 2E       		.uleb128 0x2e
 463 0080 01       		.byte	0x1
 464 0081 3F       		.uleb128 0x3f
 465 0082 19       		.uleb128 0x19
 466 0083 03       		.uleb128 0x3
 467 0084 0E       		.uleb128 0xe
 468 0085 3A       		.uleb128 0x3a
 469 0086 0B       		.uleb128 0xb
 470 0087 3B       		.uleb128 0x3b
 471 0088 0B       		.uleb128 0xb
 472 0089 27       		.uleb128 0x27
 473 008a 19       		.uleb128 0x19
 474 008b 11       		.uleb128 0x11
 475 008c 01       		.uleb128 0x1
 476 008d 12       		.uleb128 0x12
 477 008e 06       		.uleb128 0x6
 478 008f 40       		.uleb128 0x40
 479 0090 18       		.uleb128 0x18
 480 0091 9742     		.uleb128 0x2117
 481 0093 19       		.uleb128 0x19
 482 0094 01       		.uleb128 0x1
 483 0095 13       		.uleb128 0x13
 484 0096 00       		.byte	0
 485 0097 00       		.byte	0
 486 0098 0C       		.uleb128 0xc
 487 0099 898201   		.uleb128 0x4109
ARM GAS  C:\Users\nbutts\AppData\Local\Temp\ccMCUtTc.s 			page 12


 488 009c 00       		.byte	0
 489 009d 11       		.uleb128 0x11
 490 009e 01       		.uleb128 0x1
 491 009f 31       		.uleb128 0x31
 492 00a0 13       		.uleb128 0x13
 493 00a1 00       		.byte	0
 494 00a2 00       		.byte	0
 495 00a3 0D       		.uleb128 0xd
 496 00a4 898201   		.uleb128 0x4109
 497 00a7 01       		.byte	0x1
 498 00a8 11       		.uleb128 0x11
 499 00a9 01       		.uleb128 0x1
 500 00aa 31       		.uleb128 0x31
 501 00ab 13       		.uleb128 0x13
 502 00ac 01       		.uleb128 0x1
 503 00ad 13       		.uleb128 0x13
 504 00ae 00       		.byte	0
 505 00af 00       		.byte	0
 506 00b0 0E       		.uleb128 0xe
 507 00b1 8A8201   		.uleb128 0x410a
 508 00b4 00       		.byte	0
 509 00b5 02       		.uleb128 0x2
 510 00b6 18       		.uleb128 0x18
 511 00b7 9142     		.uleb128 0x2111
 512 00b9 18       		.uleb128 0x18
 513 00ba 00       		.byte	0
 514 00bb 00       		.byte	0
 515 00bc 0F       		.uleb128 0xf
 516 00bd 898201   		.uleb128 0x4109
 517 00c0 01       		.byte	0x1
 518 00c1 11       		.uleb128 0x11
 519 00c2 01       		.uleb128 0x1
 520 00c3 31       		.uleb128 0x31
 521 00c4 13       		.uleb128 0x13
 522 00c5 00       		.byte	0
 523 00c6 00       		.byte	0
 524 00c7 10       		.uleb128 0x10
 525 00c8 34       		.uleb128 0x34
 526 00c9 00       		.byte	0
 527 00ca 03       		.uleb128 0x3
 528 00cb 0E       		.uleb128 0xe
 529 00cc 3A       		.uleb128 0x3a
 530 00cd 0B       		.uleb128 0xb
 531 00ce 3B       		.uleb128 0x3b
 532 00cf 0B       		.uleb128 0xb
 533 00d0 49       		.uleb128 0x49
 534 00d1 13       		.uleb128 0x13
 535 00d2 02       		.uleb128 0x2
 536 00d3 18       		.uleb128 0x18
 537 00d4 00       		.byte	0
 538 00d5 00       		.byte	0
 539 00d6 11       		.uleb128 0x11
 540 00d7 2E       		.uleb128 0x2e
 541 00d8 00       		.byte	0
 542 00d9 3F       		.uleb128 0x3f
 543 00da 19       		.uleb128 0x19
 544 00db 3C       		.uleb128 0x3c
ARM GAS  C:\Users\nbutts\AppData\Local\Temp\ccMCUtTc.s 			page 13


 545 00dc 19       		.uleb128 0x19
 546 00dd 6E       		.uleb128 0x6e
 547 00de 0E       		.uleb128 0xe
 548 00df 03       		.uleb128 0x3
 549 00e0 0E       		.uleb128 0xe
 550 00e1 3A       		.uleb128 0x3a
 551 00e2 0B       		.uleb128 0xb
 552 00e3 3B       		.uleb128 0x3b
 553 00e4 0B       		.uleb128 0xb
 554 00e5 00       		.byte	0
 555 00e6 00       		.byte	0
 556 00e7 00       		.byte	0
 557              		.section	.debug_aranges,"",%progbits
 558 0000 24000000 		.4byte	0x24
 559 0004 0200     		.2byte	0x2
 560 0006 00000000 		.4byte	.Ldebug_info0
 561 000a 04       		.byte	0x4
 562 000b 00       		.byte	0
 563 000c 0000     		.2byte	0
 564 000e 0000     		.2byte	0
 565 0010 00000000 		.4byte	.LFB1
 566 0014 38000000 		.4byte	.LFE1-.LFB1
 567 0018 00000000 		.4byte	.LFB2
 568 001c 2C000000 		.4byte	.LFE2-.LFB2
 569 0020 00000000 		.4byte	0
 570 0024 00000000 		.4byte	0
 571              		.section	.debug_ranges,"",%progbits
 572              	.Ldebug_ranges0:
 573 0000 00000000 		.4byte	.LFB1
 574 0004 38000000 		.4byte	.LFE1
 575 0008 00000000 		.4byte	.LFB2
 576 000c 2C000000 		.4byte	.LFE2
 577 0010 00000000 		.4byte	0
 578 0014 00000000 		.4byte	0
 579              		.section	.debug_line,"",%progbits
 580              	.Ldebug_line0:
 581 0000 85000000 		.section	.debug_str,"MS",%progbits,1
 581      02005200 
 581      00000201 
 581      FB0E0D00 
 581      01010101 
 582              	.LASF24:
 583 0000 56444143 		.ascii	"VDAC_1_Enable\000"
 583      5F315F45 
 583      6E61626C 
 583      6500
 584              	.LASF15:
 585 000e 72656733 		.ascii	"reg32\000"
 585      3200
 586              	.LASF22:
 587 0014 56444143 		.ascii	"VDAC_1_Wakeup\000"
 587      5F315F57 
 587      616B6575 
 587      7000
 588              	.LASF27:
 589 0022 47656E65 		.ascii	"Generated_Source\\PSoC4\\VDAC_1_PM.c\000"
 589      72617465 
ARM GAS  C:\Users\nbutts\AppData\Local\Temp\ccMCUtTc.s 			page 14


 589      645F536F 
 589      75726365 
 589      5C50536F 
 590              	.LASF25:
 591 0045 56444143 		.ascii	"VDAC_1_SetHiZ\000"
 591      5F315F53 
 591      65744869 
 591      5A00
 592              	.LASF3:
 593 0053 73686F72 		.ascii	"short unsigned int\000"
 593      7420756E 
 593      7369676E 
 593      65642069 
 593      6E7400
 594              	.LASF21:
 595 0066 56444143 		.ascii	"VDAC_1_Sleep\000"
 595      5F315F53 
 595      6C656570 
 595      00
 596              	.LASF12:
 597 0073 666C6F61 		.ascii	"float\000"
 597      7400
 598              	.LASF1:
 599 0079 756E7369 		.ascii	"unsigned char\000"
 599      676E6564 
 599      20636861 
 599      7200
 600              	.LASF5:
 601 0087 6C6F6E67 		.ascii	"long unsigned int\000"
 601      20756E73 
 601      69676E65 
 601      6420696E 
 601      7400
 602              	.LASF11:
 603 0099 696E7433 		.ascii	"int32\000"
 603      3200
 604              	.LASF13:
 605 009f 646F7562 		.ascii	"double\000"
 605      6C6500
 606              	.LASF20:
 607 00a6 56444143 		.ascii	"VDAC_1_OUTSTATE_HIZ\000"
 607      5F315F4F 
 607      55545354 
 607      4154455F 
 607      48495A00 
 608              	.LASF10:
 609 00ba 75696E74 		.ascii	"uint32\000"
 609      333200
 610              	.LASF19:
 611 00c1 56444143 		.ascii	"VDAC_1_OUTSTATE_DRIVEN\000"
 611      5F315F4F 
 611      55545354 
 611      4154455F 
 611      44524956 
 612              	.LASF8:
 613 00d8 756E7369 		.ascii	"unsigned int\000"
 613      676E6564 
ARM GAS  C:\Users\nbutts\AppData\Local\Temp\ccMCUtTc.s 			page 15


 613      20696E74 
 613      00
 614              	.LASF7:
 615 00e5 6C6F6E67 		.ascii	"long long unsigned int\000"
 615      206C6F6E 
 615      6720756E 
 615      7369676E 
 615      65642069 
 616              	.LASF18:
 617 00fc 56444143 		.ascii	"VDAC_1_BACKUP_STRUCT\000"
 617      5F315F42 
 617      41434B55 
 617      505F5354 
 617      52554354 
 618              	.LASF17:
 619 0111 73697A65 		.ascii	"sizetype\000"
 619      74797065 
 619      00
 620              	.LASF6:
 621 011a 6C6F6E67 		.ascii	"long long int\000"
 621      206C6F6E 
 621      6720696E 
 621      7400
 622              	.LASF14:
 623 0128 63686172 		.ascii	"char\000"
 623      00
 624              	.LASF2:
 625 012d 73686F72 		.ascii	"short int\000"
 625      7420696E 
 625      7400
 626              	.LASF30:
 627 0137 56444143 		.ascii	"VDAC_1_backup\000"
 627      5F315F62 
 627      61636B75 
 627      7000
 628              	.LASF9:
 629 0145 75696E74 		.ascii	"uint8\000"
 629      3800
 630              	.LASF4:
 631 014b 6C6F6E67 		.ascii	"long int\000"
 631      20696E74 
 631      00
 632              	.LASF29:
 633 0154 656E6162 		.ascii	"enableState\000"
 633      6C655374 
 633      61746500 
 634              	.LASF16:
 635 0160 6C6F6E67 		.ascii	"long double\000"
 635      20646F75 
 635      626C6500 
 636              	.LASF26:
 637 016c 474E5520 		.ascii	"GNU C11 5.4.1 20160609 (release) [ARM/embedded-5-br"
 637      43313120 
 637      352E342E 
 637      31203230 
 637      31363036 
 638 019f 616E6368 		.ascii	"anch revision 237715] -mcpu=cortex-m0plus -mthumb -"
ARM GAS  C:\Users\nbutts\AppData\Local\Temp\ccMCUtTc.s 			page 16


 638      20726576 
 638      6973696F 
 638      6E203233 
 638      37373135 
 639 01d2 67202D4F 		.ascii	"g -Og -ffunction-sections -ffat-lto-objects\000"
 639      67202D66 
 639      66756E63 
 639      74696F6E 
 639      2D736563 
 640              	.LASF0:
 641 01fe 7369676E 		.ascii	"signed char\000"
 641      65642063 
 641      68617200 
 642              	.LASF28:
 643 020a 433A5C70 		.ascii	"C:\\projects\\LaserBodyRoll\\Software\\IOBoard.cyds"
 643      726F6A65 
 643      6374735C 
 643      4C617365 
 643      72426F64 
 644 0239 6E00     		.ascii	"n\000"
 645              	.LASF23:
 646 023b 56444143 		.ascii	"VDAC_1_Stop\000"
 646      5F315F53 
 646      746F7000 
 647              		.ident	"GCC: (GNU Tools for ARM Embedded Processors) 5.4.1 20160609 (release) [ARM/embedded-5-bran
