ARM GAS  C:\Users\nbutts\AppData\Local\Temp\cc1vQ90K.s 			page 1


   1              		.syntax unified
   2              		.cpu cortex-m0plus
   3              		.fpu softvfp
   4              		.eabi_attribute 20, 1
   5              		.eabi_attribute 21, 1
   6              		.eabi_attribute 23, 3
   7              		.eabi_attribute 24, 1
   8              		.eabi_attribute 25, 1
   9              		.eabi_attribute 26, 1
  10              		.eabi_attribute 30, 1
  11              		.eabi_attribute 34, 0
  12              		.eabi_attribute 18, 4
  13              		.thumb
  14              		.syntax unified
  15              		.file	"VDAC_1_UAB_CyUAB.c"
  16              		.text
  17              	.Ltext0:
  18              		.cfi_sections	.debug_frame
  19              		.section	.text.CyUAB_SetClock,"ax",%progbits
  20              		.align	2
  21              		.global	CyUAB_SetClock
  22              		.code	16
  23              		.thumb_func
  24              		.type	CyUAB_SetClock, %function
  25              	CyUAB_SetClock:
  26              	.LFB1:
  27              		.file 1 "Generated_Source\\PSoC4\\VDAC_1_UAB_CyUAB.c"
   1:Generated_Source\PSoC4/VDAC_1_UAB_CyUAB.c **** /*!*****************************************************************************
   2:Generated_Source\PSoC4/VDAC_1_UAB_CyUAB.c **** * \file VDAC_1_UAB_CyUAB.c
   3:Generated_Source\PSoC4/VDAC_1_UAB_CyUAB.c **** * \version 1.10
   4:Generated_Source\PSoC4/VDAC_1_UAB_CyUAB.c **** *
   5:Generated_Source\PSoC4/VDAC_1_UAB_CyUAB.c **** * \brief 
   6:Generated_Source\PSoC4/VDAC_1_UAB_CyUAB.c **** *   API for Universal Analog Block (UAB)
   7:Generated_Source\PSoC4/VDAC_1_UAB_CyUAB.c **** *
   8:Generated_Source\PSoC4/VDAC_1_UAB_CyUAB.c **** ********************************************************************************
   9:Generated_Source\PSoC4/VDAC_1_UAB_CyUAB.c **** * \copyright
  10:Generated_Source\PSoC4/VDAC_1_UAB_CyUAB.c **** * (c) 2014-2016, Cypress Semiconductor Corporation. All rights reserved.
  11:Generated_Source\PSoC4/VDAC_1_UAB_CyUAB.c **** * This software, including source code, documentation and related
  12:Generated_Source\PSoC4/VDAC_1_UAB_CyUAB.c **** * materials ("Software"), is owned by Cypress Semiconductor
  13:Generated_Source\PSoC4/VDAC_1_UAB_CyUAB.c **** * Corporation ("Cypress") and is protected by and subject to worldwide
  14:Generated_Source\PSoC4/VDAC_1_UAB_CyUAB.c **** * patent protection (United States and foreign), United States copyright
  15:Generated_Source\PSoC4/VDAC_1_UAB_CyUAB.c **** * laws and international treaty provisions. Therefore, you may use this
  16:Generated_Source\PSoC4/VDAC_1_UAB_CyUAB.c **** * Software only as provided in the license agreement accompanying the
  17:Generated_Source\PSoC4/VDAC_1_UAB_CyUAB.c **** * software package from which you obtained this Software ("EULA").
  18:Generated_Source\PSoC4/VDAC_1_UAB_CyUAB.c **** * If no EULA applies, Cypress hereby grants you a personal, nonexclusive,
  19:Generated_Source\PSoC4/VDAC_1_UAB_CyUAB.c **** * non-transferable license to copy, modify, and compile the
  20:Generated_Source\PSoC4/VDAC_1_UAB_CyUAB.c **** * Software source code solely for use in connection with Cypress's
  21:Generated_Source\PSoC4/VDAC_1_UAB_CyUAB.c **** * integrated circuit products. Any reproduction, modification, translation,
  22:Generated_Source\PSoC4/VDAC_1_UAB_CyUAB.c **** * compilation, or representation of this Software except as specified
  23:Generated_Source\PSoC4/VDAC_1_UAB_CyUAB.c **** * above is prohibited without the express written permission of Cypress.
  24:Generated_Source\PSoC4/VDAC_1_UAB_CyUAB.c **** * Disclaimer: THIS SOFTWARE IS PROVIDED AS-IS, WITH NO
  25:Generated_Source\PSoC4/VDAC_1_UAB_CyUAB.c **** * WARRANTY OF ANY KIND, EXPRESS OR IMPLIED, INCLUDING,
  26:Generated_Source\PSoC4/VDAC_1_UAB_CyUAB.c **** * BUT NOT LIMITED TO, NONINFRINGEMENT, IMPLIED
  27:Generated_Source\PSoC4/VDAC_1_UAB_CyUAB.c **** * WARRANTIES OF MERCHANTABILITY AND FITNESS FOR A
  28:Generated_Source\PSoC4/VDAC_1_UAB_CyUAB.c **** * PARTICULAR PURPOSE. Cypress reserves the right to make
  29:Generated_Source\PSoC4/VDAC_1_UAB_CyUAB.c **** * changes to the Software without notice. Cypress does not assume any
  30:Generated_Source\PSoC4/VDAC_1_UAB_CyUAB.c **** * liability arising out of the application or use of the Software or any
ARM GAS  C:\Users\nbutts\AppData\Local\Temp\cc1vQ90K.s 			page 2


  31:Generated_Source\PSoC4/VDAC_1_UAB_CyUAB.c **** * product or circuit described in the Software. Cypress does not
  32:Generated_Source\PSoC4/VDAC_1_UAB_CyUAB.c **** * authorize its products for use in any products where a malfunction or
  33:Generated_Source\PSoC4/VDAC_1_UAB_CyUAB.c **** * failure of the Cypress product may reasonably be expected to result in
  34:Generated_Source\PSoC4/VDAC_1_UAB_CyUAB.c **** * significant property damage, injury or death ("High Risk Product"). By
  35:Generated_Source\PSoC4/VDAC_1_UAB_CyUAB.c **** * including Cypress's product in a High Risk Product, the manufacturer
  36:Generated_Source\PSoC4/VDAC_1_UAB_CyUAB.c **** * of such system or application assumes all risk of such use and in doing
  37:Generated_Source\PSoC4/VDAC_1_UAB_CyUAB.c **** * so agrees to indemnify Cypress against all liability.
  38:Generated_Source\PSoC4/VDAC_1_UAB_CyUAB.c **** *******************************************************************************/
  39:Generated_Source\PSoC4/VDAC_1_UAB_CyUAB.c **** 
  40:Generated_Source\PSoC4/VDAC_1_UAB_CyUAB.c **** #if !defined(CyUAB_C)
  41:Generated_Source\PSoC4/VDAC_1_UAB_CyUAB.c **** #define CyUAB_C
  42:Generated_Source\PSoC4/VDAC_1_UAB_CyUAB.c **** 
  43:Generated_Source\PSoC4/VDAC_1_UAB_CyUAB.c **** #include "VDAC_1_UAB_CyUAB.h"    
  44:Generated_Source\PSoC4/VDAC_1_UAB_CyUAB.c **** 
  45:Generated_Source\PSoC4/VDAC_1_UAB_CyUAB.c **** /******************* CyUAB_SetClock() *****************************************/
  46:Generated_Source\PSoC4/VDAC_1_UAB_CyUAB.c **** /*!
  47:Generated_Source\PSoC4/VDAC_1_UAB_CyUAB.c **** * @brief Write clock - handles filling a bit column that spans multiple memory locations.
  48:Generated_Source\PSoC4/VDAC_1_UAB_CyUAB.c **** * 
  49:Generated_Source\PSoC4/VDAC_1_UAB_CyUAB.c **** * @details There are 8 non-modbit clocks (pattern only) and 
  50:Generated_Source\PSoC4/VDAC_1_UAB_CyUAB.c **** * 4 modbit clocks (pattern and modbit) - this functions can set either type.
  51:Generated_Source\PSoC4/VDAC_1_UAB_CyUAB.c **** * Set the pattern and modbit pattern of a modbit clock and just the pattern for a non-modbit clock.
  52:Generated_Source\PSoC4/VDAC_1_UAB_CyUAB.c **** * Returns @c void.
  53:Generated_Source\PSoC4/VDAC_1_UAB_CyUAB.c **** * clocks fill columns that span multiple RAM locations.
  54:Generated_Source\PSoC4/VDAC_1_UAB_CyUAB.c **** *
  55:Generated_Source\PSoC4/VDAC_1_UAB_CyUAB.c **** * @c modbit is only used for modbit clocks (PHI9-PHI12)
  56:Generated_Source\PSoC4/VDAC_1_UAB_CyUAB.c **** * @c modbit is ignored for non-modbit clocks (PHI1-PHI8)
  57:Generated_Source\PSoC4/VDAC_1_UAB_CyUAB.c **** *
  58:Generated_Source\PSoC4/VDAC_1_UAB_CyUAB.c **** * Always write all 16 steps, because you don't know what was set previously 
  59:Generated_Source\PSoC4/VDAC_1_UAB_CyUAB.c **** * (and keeps the parameter list down to 4 - threshold for function calling method)
  60:Generated_Source\PSoC4/VDAC_1_UAB_CyUAB.c **** *
  61:Generated_Source\PSoC4/VDAC_1_UAB_CyUAB.c **** * A call to this function must be preceded by Start(), Init(), or ClearAllClocks()
  62:Generated_Source\PSoC4/VDAC_1_UAB_CyUAB.c **** * to initialize the wavestep SRAM.
  63:Generated_Source\PSoC4/VDAC_1_UAB_CyUAB.c **** * The UAB clocking must be presently stopped.
  64:Generated_Source\PSoC4/VDAC_1_UAB_CyUAB.c **** * Before enabling UAB clocking, as needed, modify lastStep with SetLastStep()
  65:Generated_Source\PSoC4/VDAC_1_UAB_CyUAB.c **** *   
  66:Generated_Source\PSoC4/VDAC_1_UAB_CyUAB.c **** * @internal
  67:Generated_Source\PSoC4/VDAC_1_UAB_CyUAB.c **** * @reglist @reg VDAC_1_UAB_SRAM<tt>xx</tt>_REG<, where <tt>xx</tt> 
  68:Generated_Source\PSoC4/VDAC_1_UAB_CyUAB.c **** * spans 00 to 15.
  69:Generated_Source\PSoC4/VDAC_1_UAB_CyUAB.c **** *
  70:Generated_Source\PSoC4/VDAC_1_UAB_CyUAB.c **** * This function relies on several assumptions/definitions:
  71:Generated_Source\PSoC4/VDAC_1_UAB_CyUAB.c **** * @li The SRAM clocks are all stored contiguously in memory.
  72:Generated_Source\PSoC4/VDAC_1_UAB_CyUAB.c **** * @li The lowest address is VDAC_1_UAB_UAB0_SRAM00.
  73:Generated_Source\PSoC4/VDAC_1_UAB_CyUAB.c **** * @li The modbit clocks start at phi_m1 = 9
  74:Generated_Source\PSoC4/VDAC_1_UAB_CyUAB.c **** * @li The modbit clocks take two consecutive bit fields within a step 
  75:Generated_Source\PSoC4/VDAC_1_UAB_CyUAB.c **** *
  76:Generated_Source\PSoC4/VDAC_1_UAB_CyUAB.c **** * The expression (8 + 2*(phi - 9)) This expression 
  77:Generated_Source\PSoC4/VDAC_1_UAB_CyUAB.c **** * simplifies to the one used for field shifting
  78:Generated_Source\PSoC4/VDAC_1_UAB_CyUAB.c **** *
  79:Generated_Source\PSoC4/VDAC_1_UAB_CyUAB.c **** * @endinternal
  80:Generated_Source\PSoC4/VDAC_1_UAB_CyUAB.c **** *
  81:Generated_Source\PSoC4/VDAC_1_UAB_CyUAB.c **** * @param uabSram starting address of UAB half waveform SRAM; ie VDAC_1_UAB_SRAM1_PTR
  82:Generated_Source\PSoC4/VDAC_1_UAB_CyUAB.c **** * @param pattern clocking in LSbit to MSbit ordering for step 0 to step 15.
  83:Generated_Source\PSoC4/VDAC_1_UAB_CyUAB.c **** * When the @p modbitPattern is high, the
  84:Generated_Source\PSoC4/VDAC_1_UAB_CyUAB.c **** * modbit waveform (chosen by VDAC_1_UAB_SetModbitSource()) is used as
  85:Generated_Source\PSoC4/VDAC_1_UAB_CyUAB.c **** * this clock.  @p pattern inverts the modbit waveform when high, doesn’t invert
  86:Generated_Source\PSoC4/VDAC_1_UAB_CyUAB.c **** * it when low.  When the @p modbitPattern is low, this clock simply follows
  87:Generated_Source\PSoC4/VDAC_1_UAB_CyUAB.c **** * @p pattern as it would for the non-modbit clocks.
ARM GAS  C:\Users\nbutts\AppData\Local\Temp\cc1vQ90K.s 			page 3


  88:Generated_Source\PSoC4/VDAC_1_UAB_CyUAB.c **** * @param modbitPattern A pattern which describes when to use the modbit
  89:Generated_Source\PSoC4/VDAC_1_UAB_CyUAB.c **** * waveform as this clock. When @p modbitPattern is high, the
  90:Generated_Source\PSoC4/VDAC_1_UAB_CyUAB.c **** * modbit waveform (chosen by VDAC_1_UAB_SetModbitSource()) is used as
  91:Generated_Source\PSoC4/VDAC_1_UAB_CyUAB.c **** * this clock.  @p pattern inverts the modbit waveform when high, doesn’t invert
  92:Generated_Source\PSoC4/VDAC_1_UAB_CyUAB.c **** * it when low.  When the @p modbitPattern is low, this clock simply follows
  93:Generated_Source\PSoC4/VDAC_1_UAB_CyUAB.c **** * @p pattern as it would for the non-modbit clocks.
  94:Generated_Source\PSoC4/VDAC_1_UAB_CyUAB.c **** *
  95:Generated_Source\PSoC4/VDAC_1_UAB_CyUAB.c **** * @param phi The clock to configure.  Function ignores all other values besides valid:
  96:Generated_Source\PSoC4/VDAC_1_UAB_CyUAB.c **** * @arg @c CyUAB_CLK_PHI1
  97:Generated_Source\PSoC4/VDAC_1_UAB_CyUAB.c **** * @arg @c CyUAB_CLK_PHI2
  98:Generated_Source\PSoC4/VDAC_1_UAB_CyUAB.c **** * @arg @c CyUAB_CLK_PHI3
  99:Generated_Source\PSoC4/VDAC_1_UAB_CyUAB.c **** * @arg @c CyUAB_CLK_PHI4
 100:Generated_Source\PSoC4/VDAC_1_UAB_CyUAB.c **** * @arg @c CyUAB_CLK_PHI5
 101:Generated_Source\PSoC4/VDAC_1_UAB_CyUAB.c **** * @arg @c CyUAB_CLK_PHI6
 102:Generated_Source\PSoC4/VDAC_1_UAB_CyUAB.c **** * @arg @c CyUAB_CLK_PHI7
 103:Generated_Source\PSoC4/VDAC_1_UAB_CyUAB.c **** * @arg @c CyUAB_CLK_PHI8
 104:Generated_Source\PSoC4/VDAC_1_UAB_CyUAB.c **** * @arg @c CyUAB_CLK_PHI9
 105:Generated_Source\PSoC4/VDAC_1_UAB_CyUAB.c **** * @arg @c CyUAB_CLK_PHI10
 106:Generated_Source\PSoC4/VDAC_1_UAB_CyUAB.c **** * @arg @c CyUAB_CLK_PHI11
 107:Generated_Source\PSoC4/VDAC_1_UAB_CyUAB.c **** * @arg @c CyUAB_CLK_PHI12
 108:Generated_Source\PSoC4/VDAC_1_UAB_CyUAB.c **** *
 109:Generated_Source\PSoC4/VDAC_1_UAB_CyUAB.c **** * @see
 110:Generated_Source\PSoC4/VDAC_1_UAB_CyUAB.c **** * 
 111:Generated_Source\PSoC4/VDAC_1_UAB_CyUAB.c **** * @sideeffect None
 112:Generated_Source\PSoC4/VDAC_1_UAB_CyUAB.c **** *******************************************************************************/
 113:Generated_Source\PSoC4/VDAC_1_UAB_CyUAB.c **** void CyUAB_SetClock( reg32 uabSram[], CyUAB_clk_enum phi, uint16 pattern, uint16 modbitPattern )
 114:Generated_Source\PSoC4/VDAC_1_UAB_CyUAB.c **** {
  28              		.loc 1 114 0
  29              		.cfi_startproc
  30              		@ args = 0, pretend = 0, frame = 0
  31              		@ frame_needed = 0, uses_anonymous_args = 0
  32              	.LVL0:
  33 0000 F0B5     		push	{r4, r5, r6, r7, lr}
  34              		.cfi_def_cfa_offset 20
  35              		.cfi_offset 4, -20
  36              		.cfi_offset 5, -16
  37              		.cfi_offset 6, -12
  38              		.cfi_offset 7, -8
  39              		.cfi_offset 14, -4
  40 0002 5746     		mov	r7, r10
  41 0004 4E46     		mov	r6, r9
  42 0006 4546     		mov	r5, r8
  43 0008 E0B4     		push	{r5, r6, r7}
  44              		.cfi_def_cfa_offset 32
  45              		.cfi_offset 8, -32
  46              		.cfi_offset 9, -28
  47              		.cfi_offset 10, -24
  48 000a 9446     		mov	ip, r2
  49              	.LVL1:
 115:Generated_Source\PSoC4/VDAC_1_UAB_CyUAB.c ****     const uint32 PATTERN_SHIFT = 0UL;
 116:Generated_Source\PSoC4/VDAC_1_UAB_CyUAB.c ****     const uint32 MODBIT_SHIFT = 1UL;
 117:Generated_Source\PSoC4/VDAC_1_UAB_CyUAB.c ****     const uint32 PATTERN_MASK = 1UL<<PATTERN_SHIFT;
 118:Generated_Source\PSoC4/VDAC_1_UAB_CyUAB.c ****     const uint32 MODBIT_MASK  = 1UL<<MODBIT_SHIFT;
 119:Generated_Source\PSoC4/VDAC_1_UAB_CyUAB.c ****     const uint32 BOTH_MASK = PATTERN_MASK | MODBIT_MASK;
 120:Generated_Source\PSoC4/VDAC_1_UAB_CyUAB.c ****     const int32 PHI9_SHIFT = ((int32)CyUAB_CLK_PHI9)-1;
 121:Generated_Source\PSoC4/VDAC_1_UAB_CyUAB.c ****     
 122:Generated_Source\PSoC4/VDAC_1_UAB_CyUAB.c ****     uint32 i;
ARM GAS  C:\Users\nbutts\AppData\Local\Temp\cc1vQ90K.s 			page 4


 123:Generated_Source\PSoC4/VDAC_1_UAB_CyUAB.c ****     int32 shift;
 124:Generated_Source\PSoC4/VDAC_1_UAB_CyUAB.c ****     uint32 mask;
 125:Generated_Source\PSoC4/VDAC_1_UAB_CyUAB.c ****     uint32 modbitCopy;
 126:Generated_Source\PSoC4/VDAC_1_UAB_CyUAB.c ****     
 127:Generated_Source\PSoC4/VDAC_1_UAB_CyUAB.c ****     if( ( ((int32)CyUAB_CLK_PHI1) <= ((int32)phi) ) && ( ((int32)phi) <= ((int32)CyUAB_CLK_PHI12) )
  50              		.loc 1 127 0
  51 000c 4C1E     		subs	r4, r1, #1
  52 000e E4B2     		uxtb	r4, r4
  53 0010 0B2C     		cmp	r4, #11
  54 0012 26D8     		bhi	.L1
 128:Generated_Source\PSoC4/VDAC_1_UAB_CyUAB.c ****     {
 129:Generated_Source\PSoC4/VDAC_1_UAB_CyUAB.c ****         if( ((int32)phi) > ((int32)CyUAB_CLK_PHI8) )
  55              		.loc 1 129 0
  56 0014 0829     		cmp	r1, #8
  57 0016 07D9     		bls	.L3
 130:Generated_Source\PSoC4/VDAC_1_UAB_CyUAB.c ****         {
 131:Generated_Source\PSoC4/VDAC_1_UAB_CyUAB.c ****             shift = (2*((int32)phi))+(PHI9_SHIFT-(2*((int32)CyUAB_CLK_PHI9) ) ); /* ==2*phi-10==(2*
  58              		.loc 1 131 0
  59 0018 0539     		subs	r1, r1, #5
  60              	.LVL2:
  61 001a 4900     		lsls	r1, r1, #1
  62              	.LVL3:
 132:Generated_Source\PSoC4/VDAC_1_UAB_CyUAB.c ****             mask  = BOTH_MASK<<shift;
  63              		.loc 1 132 0
  64 001c 0322     		movs	r2, #3
  65              	.LVL4:
  66 001e 8A40     		lsls	r2, r2, r1
  67 0020 9046     		mov	r8, r2
  68              	.LVL5:
 133:Generated_Source\PSoC4/VDAC_1_UAB_CyUAB.c ****             modbitCopy = ((uint32)modbitPattern)<<MODBIT_SHIFT; /* pre-shift, so correct for right 
  69              		.loc 1 133 0
  70 0022 5B00     		lsls	r3, r3, #1
  71              	.LVL6:
  72 0024 9A46     		mov	r10, r3
  73              	.LVL7:
  74 0026 05E0     		b	.L4
  75              	.LVL8:
  76              	.L3:
 134:Generated_Source\PSoC4/VDAC_1_UAB_CyUAB.c ****         }
 135:Generated_Source\PSoC4/VDAC_1_UAB_CyUAB.c ****         else
 136:Generated_Source\PSoC4/VDAC_1_UAB_CyUAB.c ****         {
 137:Generated_Source\PSoC4/VDAC_1_UAB_CyUAB.c ****             shift = phi-CyUAB_CLK_PHI1;
  77              		.loc 1 137 0
  78 0028 0139     		subs	r1, r1, #1
  79              	.LVL9:
 138:Generated_Source\PSoC4/VDAC_1_UAB_CyUAB.c ****             mask = 1UL<<shift;
  80              		.loc 1 138 0
  81 002a 0123     		movs	r3, #1
  82              	.LVL10:
  83 002c 8B40     		lsls	r3, r3, r1
  84 002e 9846     		mov	r8, r3
  85              	.LVL11:
 139:Generated_Source\PSoC4/VDAC_1_UAB_CyUAB.c ****             modbitCopy = 0UL;
  86              		.loc 1 139 0
  87 0030 0023     		movs	r3, #0
  88              	.LVL12:
  89 0032 9A46     		mov	r10, r3
ARM GAS  C:\Users\nbutts\AppData\Local\Temp\cc1vQ90K.s 			page 5


  90              	.LVL13:
  91              	.L4:
 140:Generated_Source\PSoC4/VDAC_1_UAB_CyUAB.c ****         }
 141:Generated_Source\PSoC4/VDAC_1_UAB_CyUAB.c ****         
 142:Generated_Source\PSoC4/VDAC_1_UAB_CyUAB.c ****         for( i=0UL; i<CyUAB_STEPS_LEN_MAX; ++i )
  92              		.loc 1 142 0
  93 0034 0026     		movs	r6, #0
  94 0036 12E0     		b	.L5
  95              	.LVL14:
  96              	.L6:
 143:Generated_Source\PSoC4/VDAC_1_UAB_CyUAB.c ****         {
 144:Generated_Source\PSoC4/VDAC_1_UAB_CyUAB.c ****             uabSram[i] = (uabSram[i]&(~mask)) | (((((modbitCopy>>i)&MODBIT_MASK)|((((uint32)pattern
  97              		.loc 1 144 0 discriminator 3
  98 0038 B700     		lsls	r7, r6, #2
  99 003a C719     		adds	r7, r0, r7
 100 003c 3B68     		ldr	r3, [r7]
 101 003e 5446     		mov	r4, r10
 102 0040 F440     		lsrs	r4, r4, r6
 103 0042 0225     		movs	r5, #2
 104 0044 2C40     		ands	r4, r5
 105 0046 6546     		mov	r5, ip
 106 0048 F540     		lsrs	r5, r5, r6
 107 004a 0122     		movs	r2, #1
 108 004c 1540     		ands	r5, r2
 109 004e 2C43     		orrs	r4, r5
 110 0050 8C40     		lsls	r4, r4, r1
 111 0052 5C40     		eors	r4, r3
 112 0054 4246     		mov	r2, r8
 113 0056 1440     		ands	r4, r2
 114 0058 5C40     		eors	r4, r3
 115 005a 3C60     		str	r4, [r7]
 142:Generated_Source\PSoC4/VDAC_1_UAB_CyUAB.c ****         {
 116              		.loc 1 142 0 discriminator 3
 117 005c 0136     		adds	r6, r6, #1
 118              	.LVL15:
 119              	.L5:
 142:Generated_Source\PSoC4/VDAC_1_UAB_CyUAB.c ****         {
 120              		.loc 1 142 0 is_stmt 0 discriminator 1
 121 005e 0F2E     		cmp	r6, #15
 122 0060 EAD9     		bls	.L6
 123              	.LVL16:
 124              	.L1:
 145:Generated_Source\PSoC4/VDAC_1_UAB_CyUAB.c ****         }
 146:Generated_Source\PSoC4/VDAC_1_UAB_CyUAB.c ****     }
 147:Generated_Source\PSoC4/VDAC_1_UAB_CyUAB.c **** }
 125              		.loc 1 147 0 is_stmt 1
 126              		@ sp needed
 127 0062 1CBC     		pop	{r2, r3, r4}
 128 0064 9046     		mov	r8, r2
 129 0066 9946     		mov	r9, r3
 130 0068 A246     		mov	r10, r4
 131 006a F0BD     		pop	{r4, r5, r6, r7, pc}
 132              		.cfi_endproc
 133              	.LFE1:
 134              		.size	CyUAB_SetClock, .-CyUAB_SetClock
 135              		.section	.text.CyUAB_SetNSteps,"ax",%progbits
 136              		.align	2
ARM GAS  C:\Users\nbutts\AppData\Local\Temp\cc1vQ90K.s 			page 6


 137              		.global	CyUAB_SetNSteps
 138              		.code	16
 139              		.thumb_func
 140              		.type	CyUAB_SetNSteps, %function
 141              	CyUAB_SetNSteps:
 142              	.LFB2:
 148:Generated_Source\PSoC4/VDAC_1_UAB_CyUAB.c **** 
 149:Generated_Source\PSoC4/VDAC_1_UAB_CyUAB.c **** 
 150:Generated_Source\PSoC4/VDAC_1_UAB_CyUAB.c **** /******************* CyUAB_SetNSteps() ****************************************/
 151:Generated_Source\PSoC4/VDAC_1_UAB_CyUAB.c **** /*!
 152:Generated_Source\PSoC4/VDAC_1_UAB_CyUAB.c **** * @brief Write all clocks as a series of steps 
 153:Generated_Source\PSoC4/VDAC_1_UAB_CyUAB.c **** * 
 154:Generated_Source\PSoC4/VDAC_1_UAB_CyUAB.c **** * @details Writes stepArray of size @c n steps to memory.
 155:Generated_Source\PSoC4/VDAC_1_UAB_CyUAB.c **** *
 156:Generated_Source\PSoC4/VDAC_1_UAB_CyUAB.c **** * @param uabSram starting address of UAB half waveform SRAM; ie VDAC_1_UAB_SRAM1_PTR
 157:Generated_Source\PSoC4/VDAC_1_UAB_CyUAB.c **** * @param n number of steps to write (starting at step0)
 158:Generated_Source\PSoC4/VDAC_1_UAB_CyUAB.c **** * @param stepArray of size @c n - each elements represents a single step
 159:Generated_Source\PSoC4/VDAC_1_UAB_CyUAB.c **** * specification for all clocks
 160:Generated_Source\PSoC4/VDAC_1_UAB_CyUAB.c **** *
 161:Generated_Source\PSoC4/VDAC_1_UAB_CyUAB.c **** * @internal
 162:Generated_Source\PSoC4/VDAC_1_UAB_CyUAB.c **** * @reglist @reg 
 163:Generated_Source\PSoC4/VDAC_1_UAB_CyUAB.c **** * @image html _.png 
 164:Generated_Source\PSoC4/VDAC_1_UAB_CyUAB.c **** * UAB SRAM locations are 32-bits in size with only the first 16 bytes populated
 165:Generated_Source\PSoC4/VDAC_1_UAB_CyUAB.c **** * Only lower 16 bits of stepArray elements used
 166:Generated_Source\PSoC4/VDAC_1_UAB_CyUAB.c **** * @endinternal
 167:Generated_Source\PSoC4/VDAC_1_UAB_CyUAB.c **** * 
 168:Generated_Source\PSoC4/VDAC_1_UAB_CyUAB.c **** * @sideeffect None
 169:Generated_Source\PSoC4/VDAC_1_UAB_CyUAB.c **** *******************************************************************************/
 170:Generated_Source\PSoC4/VDAC_1_UAB_CyUAB.c **** void CyUAB_SetNSteps( reg32 uabSram[], size_t n, const uint16 stepArray[] )
 171:Generated_Source\PSoC4/VDAC_1_UAB_CyUAB.c **** {
 143              		.loc 1 171 0
 144              		.cfi_startproc
 145              		@ args = 0, pretend = 0, frame = 0
 146              		@ frame_needed = 0, uses_anonymous_args = 0
 147              	.LVL17:
 148 0000 30B5     		push	{r4, r5, lr}
 149              		.cfi_def_cfa_offset 12
 150              		.cfi_offset 4, -12
 151              		.cfi_offset 5, -8
 152              		.cfi_offset 14, -4
 172:Generated_Source\PSoC4/VDAC_1_UAB_CyUAB.c ****     uint32 i;
 173:Generated_Source\PSoC4/VDAC_1_UAB_CyUAB.c ****     if( n<=CyUAB_STEPS_LEN_MAX )
 153              		.loc 1 173 0
 154 0002 1029     		cmp	r1, #16
 155 0004 07D9     		bls	.L11
 156 0006 09E0     		b	.L7
 157              	.LVL18:
 158              	.L10:
 174:Generated_Source\PSoC4/VDAC_1_UAB_CyUAB.c ****     {
 175:Generated_Source\PSoC4/VDAC_1_UAB_CyUAB.c ****         for( i=0UL; i<n; i++ )
 176:Generated_Source\PSoC4/VDAC_1_UAB_CyUAB.c ****         {
 177:Generated_Source\PSoC4/VDAC_1_UAB_CyUAB.c ****             uabSram[i] = stepArray[i];
 159              		.loc 1 177 0 discriminator 3
 160 0008 9C00     		lsls	r4, r3, #2
 161 000a 0419     		adds	r4, r0, r4
 162 000c 5D00     		lsls	r5, r3, #1
 163 000e AD5A     		ldrh	r5, [r5, r2]
ARM GAS  C:\Users\nbutts\AppData\Local\Temp\cc1vQ90K.s 			page 7


 164 0010 2560     		str	r5, [r4]
 175:Generated_Source\PSoC4/VDAC_1_UAB_CyUAB.c ****         {
 165              		.loc 1 175 0 discriminator 3
 166 0012 0133     		adds	r3, r3, #1
 167              	.LVL19:
 168 0014 00E0     		b	.L8
 169              	.LVL20:
 170              	.L11:
 171 0016 0023     		movs	r3, #0
 172              	.L8:
 173              	.LVL21:
 175:Generated_Source\PSoC4/VDAC_1_UAB_CyUAB.c ****         {
 174              		.loc 1 175 0 is_stmt 0 discriminator 1
 175 0018 8B42     		cmp	r3, r1
 176 001a F5D3     		bcc	.L10
 177              	.LVL22:
 178              	.L7:
 178:Generated_Source\PSoC4/VDAC_1_UAB_CyUAB.c ****         }
 179:Generated_Source\PSoC4/VDAC_1_UAB_CyUAB.c ****     }
 180:Generated_Source\PSoC4/VDAC_1_UAB_CyUAB.c **** }
 179              		.loc 1 180 0 is_stmt 1
 180              		@ sp needed
 181 001c 30BD     		pop	{r4, r5, pc}
 182              		.cfi_endproc
 183              	.LFE2:
 184              		.size	CyUAB_SetNSteps, .-CyUAB_SetNSteps
 185 001e C046     		.section	.text.CyUAB_SetSingleStep,"ax",%progbits
 186              		.align	2
 187              		.global	CyUAB_SetSingleStep
 188              		.code	16
 189              		.thumb_func
 190              		.type	CyUAB_SetSingleStep, %function
 191              	CyUAB_SetSingleStep:
 192              	.LFB3:
 181:Generated_Source\PSoC4/VDAC_1_UAB_CyUAB.c **** 
 182:Generated_Source\PSoC4/VDAC_1_UAB_CyUAB.c **** /***************** CyUAB_SetSingleStep() **************************************/
 183:Generated_Source\PSoC4/VDAC_1_UAB_CyUAB.c **** /*!
 184:Generated_Source\PSoC4/VDAC_1_UAB_CyUAB.c **** * @brief Write all clocks for a single step 
 185:Generated_Source\PSoC4/VDAC_1_UAB_CyUAB.c **** * 
 186:Generated_Source\PSoC4/VDAC_1_UAB_CyUAB.c **** * @details Allows patching specific steps (can use for dynamic reconfig)
 187:Generated_Source\PSoC4/VDAC_1_UAB_CyUAB.c **** *
 188:Generated_Source\PSoC4/VDAC_1_UAB_CyUAB.c **** * @param uabSram starting address of UAB half waveform SRAM; ie VDAC_1_UAB_SRAM1_PTR
 189:Generated_Source\PSoC4/VDAC_1_UAB_CyUAB.c **** * @param idx index of the targeted step
 190:Generated_Source\PSoC4/VDAC_1_UAB_CyUAB.c **** * @param stepValue all clocks specified for a single step
 191:Generated_Source\PSoC4/VDAC_1_UAB_CyUAB.c **** *
 192:Generated_Source\PSoC4/VDAC_1_UAB_CyUAB.c **** * @internal
 193:Generated_Source\PSoC4/VDAC_1_UAB_CyUAB.c **** * @reglist @reg 
 194:Generated_Source\PSoC4/VDAC_1_UAB_CyUAB.c **** * @image html _.png 
 195:Generated_Source\PSoC4/VDAC_1_UAB_CyUAB.c **** * UAB SRAM locations are 32-bits in size with only the first 16 bytes populated
 196:Generated_Source\PSoC4/VDAC_1_UAB_CyUAB.c **** * Only lower 16 bits of stepArray elements used
 197:Generated_Source\PSoC4/VDAC_1_UAB_CyUAB.c **** * @endinternal
 198:Generated_Source\PSoC4/VDAC_1_UAB_CyUAB.c **** * 
 199:Generated_Source\PSoC4/VDAC_1_UAB_CyUAB.c **** * @sideeffect None
 200:Generated_Source\PSoC4/VDAC_1_UAB_CyUAB.c **** *******************************************************************************/
 201:Generated_Source\PSoC4/VDAC_1_UAB_CyUAB.c **** void CyUAB_SetSingleStep(reg32 uabSram[], size_t idx, const uint16 stepValue )
 202:Generated_Source\PSoC4/VDAC_1_UAB_CyUAB.c **** {
 193              		.loc 1 202 0
ARM GAS  C:\Users\nbutts\AppData\Local\Temp\cc1vQ90K.s 			page 8


 194              		.cfi_startproc
 195              		@ args = 0, pretend = 0, frame = 0
 196              		@ frame_needed = 0, uses_anonymous_args = 0
 197              		@ link register save eliminated.
 198              	.LVL23:
 203:Generated_Source\PSoC4/VDAC_1_UAB_CyUAB.c ****     if( idx<=CyUAB_STEPS_IDX_MAX )
 199              		.loc 1 203 0
 200 0000 0F29     		cmp	r1, #15
 201 0002 02D8     		bhi	.L12
 204:Generated_Source\PSoC4/VDAC_1_UAB_CyUAB.c ****     {
 205:Generated_Source\PSoC4/VDAC_1_UAB_CyUAB.c ****         uabSram[idx] = ((uint32)stepValue);
 202              		.loc 1 205 0
 203 0004 8900     		lsls	r1, r1, #2
 204              	.LVL24:
 205 0006 4118     		adds	r1, r0, r1
 206 0008 0A60     		str	r2, [r1]
 207              	.L12:
 206:Generated_Source\PSoC4/VDAC_1_UAB_CyUAB.c ****     } 
 207:Generated_Source\PSoC4/VDAC_1_UAB_CyUAB.c **** }
 208              		.loc 1 207 0
 209              		@ sp needed
 210 000a 7047     		bx	lr
 211              		.cfi_endproc
 212              	.LFE3:
 213              		.size	CyUAB_SetSingleStep, .-CyUAB_SetSingleStep
 214              		.section	.text.CyUAB_wordset,"ax",%progbits
 215              		.align	2
 216              		.global	CyUAB_wordset
 217              		.code	16
 218              		.thumb_func
 219              		.type	CyUAB_wordset, %function
 220              	CyUAB_wordset:
 221              	.LFB4:
 208:Generated_Source\PSoC4/VDAC_1_UAB_CyUAB.c **** 
 209:Generated_Source\PSoC4/VDAC_1_UAB_CyUAB.c **** /*! 
 210:Generated_Source\PSoC4/VDAC_1_UAB_CyUAB.c **** * @brief wordset is like a 32-bit aligned memset()
 211:Generated_Source\PSoC4/VDAC_1_UAB_CyUAB.c **** *
 212:Generated_Source\PSoC4/VDAC_1_UAB_CyUAB.c **** * @param s pointer to memory block of 32-bit words
 213:Generated_Source\PSoC4/VDAC_1_UAB_CyUAB.c **** * @param c value to overwrite words
 214:Generated_Source\PSoC4/VDAC_1_UAB_CyUAB.c **** * @param size length of memory block in bytes 
 215:Generated_Source\PSoC4/VDAC_1_UAB_CyUAB.c **** */
 216:Generated_Source\PSoC4/VDAC_1_UAB_CyUAB.c **** reg32* CyUAB_wordset( reg32 s[], uint32 c, size_t size )
 217:Generated_Source\PSoC4/VDAC_1_UAB_CyUAB.c **** {
 222              		.loc 1 217 0
 223              		.cfi_startproc
 224              		@ args = 0, pretend = 0, frame = 0
 225              		@ frame_needed = 0, uses_anonymous_args = 0
 226              		@ link register save eliminated.
 227              	.LVL25:
 218:Generated_Source\PSoC4/VDAC_1_UAB_CyUAB.c ****     size_t n = size/sizeof(c);
 228              		.loc 1 218 0
 229 0000 9208     		lsrs	r2, r2, #2
 230              	.LVL26:
 219:Generated_Source\PSoC4/VDAC_1_UAB_CyUAB.c ****     while( 0UL != n )
 231              		.loc 1 219 0
 232 0002 03E0     		b	.L15
 233              	.L16:
ARM GAS  C:\Users\nbutts\AppData\Local\Temp\cc1vQ90K.s 			page 9


 220:Generated_Source\PSoC4/VDAC_1_UAB_CyUAB.c ****     {
 221:Generated_Source\PSoC4/VDAC_1_UAB_CyUAB.c ****         --n;
 234              		.loc 1 221 0
 235 0004 013A     		subs	r2, r2, #1
 236              	.LVL27:
 222:Generated_Source\PSoC4/VDAC_1_UAB_CyUAB.c ****         s[n] = c;
 237              		.loc 1 222 0
 238 0006 9300     		lsls	r3, r2, #2
 239 0008 C318     		adds	r3, r0, r3
 240 000a 1960     		str	r1, [r3]
 241              	.L15:
 219:Generated_Source\PSoC4/VDAC_1_UAB_CyUAB.c ****     while( 0UL != n )
 242              		.loc 1 219 0
 243 000c 002A     		cmp	r2, #0
 244 000e F9D1     		bne	.L16
 223:Generated_Source\PSoC4/VDAC_1_UAB_CyUAB.c ****     }
 224:Generated_Source\PSoC4/VDAC_1_UAB_CyUAB.c ****     return s;
 225:Generated_Source\PSoC4/VDAC_1_UAB_CyUAB.c **** }
 245              		.loc 1 225 0
 246              		@ sp needed
 247 0010 7047     		bx	lr
 248              		.cfi_endproc
 249              	.LFE4:
 250              		.size	CyUAB_wordset, .-CyUAB_wordset
 251 0012 C046     		.text
 252              	.Letext0:
 253              		.file 2 "Generated_Source\\PSoC4\\cytypes.h"
 254              		.file 3 "c:\\program files (x86)\\cypress\\psoc creator\\4.2\\psoc creator\\import\\gnu\\arm\\5.4.
 255              		.file 4 "Generated_Source\\PSoC4\\VDAC_1_UAB_CyUAB_types.h"
 256              		.section	.debug_info,"",%progbits
 257              	.Ldebug_info0:
 258 0000 F3020000 		.4byte	0x2f3
 259 0004 0400     		.2byte	0x4
 260 0006 00000000 		.4byte	.Ldebug_abbrev0
 261 000a 04       		.byte	0x4
 262 000b 01       		.uleb128 0x1
 263 000c 16020000 		.4byte	.LASF53
 264 0010 0C       		.byte	0xc
 265 0011 B4020000 		.4byte	.LASF54
 266 0015 1A030000 		.4byte	.LASF55
 267 0019 00000000 		.4byte	.Ldebug_ranges0+0
 268 001d 00000000 		.4byte	0
 269 0021 00000000 		.4byte	.Ldebug_line0
 270 0025 02       		.uleb128 0x2
 271 0026 01       		.byte	0x1
 272 0027 06       		.byte	0x6
 273 0028 A8020000 		.4byte	.LASF0
 274 002c 02       		.uleb128 0x2
 275 002d 01       		.byte	0x1
 276 002e 08       		.byte	0x8
 277 002f 51010000 		.4byte	.LASF1
 278 0033 02       		.uleb128 0x2
 279 0034 02       		.byte	0x2
 280 0035 05       		.byte	0x5
 281 0036 B5010000 		.4byte	.LASF2
 282 003a 02       		.uleb128 0x2
 283 003b 02       		.byte	0x2
ARM GAS  C:\Users\nbutts\AppData\Local\Temp\cc1vQ90K.s 			page 10


 284 003c 07       		.byte	0x7
 285 003d 2C000000 		.4byte	.LASF3
 286 0041 02       		.uleb128 0x2
 287 0042 04       		.byte	0x4
 288 0043 05       		.byte	0x5
 289 0044 EC010000 		.4byte	.LASF4
 290 0048 02       		.uleb128 0x2
 291 0049 04       		.byte	0x4
 292 004a 07       		.byte	0x7
 293 004b DC000000 		.4byte	.LASF5
 294 004f 02       		.uleb128 0x2
 295 0050 08       		.byte	0x8
 296 0051 05       		.byte	0x5
 297 0052 84010000 		.4byte	.LASF6
 298 0056 02       		.uleb128 0x2
 299 0057 08       		.byte	0x8
 300 0058 07       		.byte	0x7
 301 0059 33010000 		.4byte	.LASF7
 302 005d 03       		.uleb128 0x3
 303 005e 04       		.byte	0x4
 304 005f 05       		.byte	0x5
 305 0060 696E7400 		.ascii	"int\000"
 306 0064 02       		.uleb128 0x2
 307 0065 04       		.byte	0x4
 308 0066 07       		.byte	0x7
 309 0067 26010000 		.4byte	.LASF8
 310 006b 04       		.uleb128 0x4
 311 006c 0C010000 		.4byte	.LASF9
 312 0070 02       		.byte	0x2
 313 0071 E501     		.2byte	0x1e5
 314 0073 3A000000 		.4byte	0x3a
 315 0077 04       		.uleb128 0x4
 316 0078 13010000 		.4byte	.LASF10
 317 007c 02       		.byte	0x2
 318 007d E601     		.2byte	0x1e6
 319 007f 48000000 		.4byte	0x48
 320 0083 04       		.uleb128 0x4
 321 0084 B7000000 		.4byte	.LASF11
 322 0088 02       		.byte	0x2
 323 0089 E901     		.2byte	0x1e9
 324 008b 41000000 		.4byte	0x41
 325 008f 02       		.uleb128 0x2
 326 0090 04       		.byte	0x4
 327 0091 04       		.byte	0x4
 328 0092 A2000000 		.4byte	.LASF12
 329 0096 02       		.uleb128 0x2
 330 0097 08       		.byte	0x8
 331 0098 04       		.byte	0x4
 332 0099 4A010000 		.4byte	.LASF13
 333 009d 02       		.uleb128 0x2
 334 009e 01       		.byte	0x1
 335 009f 08       		.byte	0x8
 336 00a0 92010000 		.4byte	.LASF14
 337 00a4 04       		.uleb128 0x4
 338 00a5 F5010000 		.4byte	.LASF15
 339 00a9 02       		.byte	0x2
 340 00aa 9002     		.2byte	0x290
ARM GAS  C:\Users\nbutts\AppData\Local\Temp\cc1vQ90K.s 			page 11


 341 00ac B0000000 		.4byte	0xb0
 342 00b0 05       		.uleb128 0x5
 343 00b1 77000000 		.4byte	0x77
 344 00b5 06       		.uleb128 0x6
 345 00b6 06000000 		.4byte	.LASF16
 346 00ba 03       		.byte	0x3
 347 00bb D8       		.byte	0xd8
 348 00bc 64000000 		.4byte	0x64
 349 00c0 02       		.uleb128 0x2
 350 00c1 08       		.byte	0x8
 351 00c2 04       		.byte	0x4
 352 00c3 0A020000 		.4byte	.LASF17
 353 00c7 02       		.uleb128 0x2
 354 00c8 04       		.byte	0x4
 355 00c9 07       		.byte	0x7
 356 00ca 5F010000 		.4byte	.LASF18
 357 00ce 07       		.uleb128 0x7
 358 00cf 04       		.byte	0x4
 359 00d0 A4000000 		.4byte	0xa4
 360 00d4 08       		.uleb128 0x8
 361 00d5 01       		.byte	0x1
 362 00d6 2C000000 		.4byte	0x2c
 363 00da 04       		.byte	0x4
 364 00db 7001     		.2byte	0x170
 365 00dd 36010000 		.4byte	0x136
 366 00e1 09       		.uleb128 0x9
 367 00e2 FE000000 		.4byte	.LASF19
 368 00e6 00       		.byte	0
 369 00e7 09       		.uleb128 0x9
 370 00e8 DE020000 		.4byte	.LASF20
 371 00ec 01       		.byte	0x1
 372 00ed 09       		.uleb128 0x9
 373 00ee ED020000 		.4byte	.LASF21
 374 00f2 02       		.byte	0x2
 375 00f3 09       		.uleb128 0x9
 376 00f4 FC020000 		.4byte	.LASF22
 377 00f8 03       		.byte	0x3
 378 00f9 09       		.uleb128 0x9
 379 00fa 0B030000 		.4byte	.LASF23
 380 00fe 04       		.byte	0x4
 381 00ff 09       		.uleb128 0x9
 382 0100 A6010000 		.4byte	.LASF24
 383 0104 05       		.byte	0x5
 384 0105 09       		.uleb128 0x9
 385 0106 FB010000 		.4byte	.LASF25
 386 010a 06       		.byte	0x6
 387 010b 09       		.uleb128 0x9
 388 010c 97010000 		.4byte	.LASF26
 389 0110 07       		.byte	0x7
 390 0111 09       		.uleb128 0x9
 391 0112 56030000 		.4byte	.LASF27
 392 0116 08       		.byte	0x8
 393 0117 09       		.uleb128 0x9
 394 0118 65030000 		.4byte	.LASF28
 395 011c 09       		.byte	0x9
 396 011d 09       		.uleb128 0x9
 397 011e 5E000000 		.4byte	.LASF29
ARM GAS  C:\Users\nbutts\AppData\Local\Temp\cc1vQ90K.s 			page 12


 398 0122 0A       		.byte	0xa
 399 0123 09       		.uleb128 0x9
 400 0124 6E000000 		.4byte	.LASF30
 401 0128 0B       		.byte	0xb
 402 0129 09       		.uleb128 0x9
 403 012a 7E000000 		.4byte	.LASF31
 404 012e 0C       		.byte	0xc
 405 012f 09       		.uleb128 0x9
 406 0130 BF010000 		.4byte	.LASF32
 407 0134 0F       		.byte	0xf
 408 0135 00       		.byte	0
 409 0136 04       		.uleb128 0x4
 410 0137 0D000000 		.4byte	.LASF33
 411 013b 04       		.byte	0x4
 412 013c 8601     		.2byte	0x186
 413 013e D4000000 		.4byte	0xd4
 414 0142 0A       		.uleb128 0xa
 415 0143 CF010000 		.4byte	.LASF46
 416 0147 01       		.byte	0x1
 417 0148 71       		.byte	0x71
 418 0149 00000000 		.4byte	.LFB1
 419 014d 6C000000 		.4byte	.LFE1-.LFB1
 420 0151 01       		.uleb128 0x1
 421 0152 9C       		.byte	0x9c
 422 0153 14020000 		.4byte	0x214
 423 0157 0B       		.uleb128 0xb
 424 0158 3F000000 		.4byte	.LASF34
 425 015c 01       		.byte	0x1
 426 015d 71       		.byte	0x71
 427 015e CE000000 		.4byte	0xce
 428 0162 01       		.uleb128 0x1
 429 0163 50       		.byte	0x50
 430 0164 0C       		.uleb128 0xc
 431 0165 70686900 		.ascii	"phi\000"
 432 0169 01       		.byte	0x1
 433 016a 71       		.byte	0x71
 434 016b 36010000 		.4byte	0x136
 435 016f 00000000 		.4byte	.LLST0
 436 0173 0D       		.uleb128 0xd
 437 0174 BD000000 		.4byte	.LASF35
 438 0178 01       		.byte	0x1
 439 0179 71       		.byte	0x71
 440 017a 6B000000 		.4byte	0x6b
 441 017e 3A000000 		.4byte	.LLST1
 442 0182 0D       		.uleb128 0xd
 443 0183 68010000 		.4byte	.LASF36
 444 0187 01       		.byte	0x1
 445 0188 71       		.byte	0x71
 446 0189 6B000000 		.4byte	0x6b
 447 018d 74000000 		.4byte	.LLST2
 448 0191 0E       		.uleb128 0xe
 449 0192 76010000 		.4byte	.LASF37
 450 0196 01       		.byte	0x1
 451 0197 73       		.byte	0x73
 452 0198 14020000 		.4byte	0x214
 453 019c 00       		.byte	0
 454 019d 0E       		.uleb128 0xe
ARM GAS  C:\Users\nbutts\AppData\Local\Temp\cc1vQ90K.s 			page 13


 455 019e 51000000 		.4byte	.LASF38
 456 01a2 01       		.byte	0x1
 457 01a3 74       		.byte	0x74
 458 01a4 14020000 		.4byte	0x214
 459 01a8 01       		.byte	0x1
 460 01a9 0E       		.uleb128 0xe
 461 01aa CF000000 		.4byte	.LASF39
 462 01ae 01       		.byte	0x1
 463 01af 75       		.byte	0x75
 464 01b0 14020000 		.4byte	0x214
 465 01b4 01       		.byte	0x1
 466 01b5 0E       		.uleb128 0xe
 467 01b6 1A010000 		.4byte	.LASF40
 468 01ba 01       		.byte	0x1
 469 01bb 76       		.byte	0x76
 470 01bc 14020000 		.4byte	0x214
 471 01c0 02       		.byte	0x2
 472 01c1 0E       		.uleb128 0xe
 473 01c2 C5000000 		.4byte	.LASF41
 474 01c6 01       		.byte	0x1
 475 01c7 77       		.byte	0x77
 476 01c8 14020000 		.4byte	0x214
 477 01cc 03       		.byte	0x3
 478 01cd 0E       		.uleb128 0xe
 479 01ce 1C000000 		.4byte	.LASF42
 480 01d2 01       		.byte	0x1
 481 01d3 78       		.byte	0x78
 482 01d4 19020000 		.4byte	0x219
 483 01d8 08       		.byte	0x8
 484 01d9 0F       		.uleb128 0xf
 485 01da 6900     		.ascii	"i\000"
 486 01dc 01       		.byte	0x1
 487 01dd 7A       		.byte	0x7a
 488 01de 77000000 		.4byte	0x77
 489 01e2 AE000000 		.4byte	.LLST3
 490 01e6 10       		.uleb128 0x10
 491 01e7 00000000 		.4byte	.LASF43
 492 01eb 01       		.byte	0x1
 493 01ec 7B       		.byte	0x7b
 494 01ed 83000000 		.4byte	0x83
 495 01f1 CD000000 		.4byte	.LLST4
 496 01f5 10       		.uleb128 0x10
 497 01f6 27000000 		.4byte	.LASF44
 498 01fa 01       		.byte	0x1
 499 01fb 7C       		.byte	0x7c
 500 01fc 77000000 		.4byte	0x77
 501 0200 EB000000 		.4byte	.LLST5
 502 0204 10       		.uleb128 0x10
 503 0205 4B030000 		.4byte	.LASF45
 504 0209 01       		.byte	0x1
 505 020a 7D       		.byte	0x7d
 506 020b 77000000 		.4byte	0x77
 507 020f 14010000 		.4byte	.LLST6
 508 0213 00       		.byte	0
 509 0214 11       		.uleb128 0x11
 510 0215 77000000 		.4byte	0x77
 511 0219 11       		.uleb128 0x11
ARM GAS  C:\Users\nbutts\AppData\Local\Temp\cc1vQ90K.s 			page 14


 512 021a 83000000 		.4byte	0x83
 513 021e 0A       		.uleb128 0xa
 514 021f EE000000 		.4byte	.LASF47
 515 0223 01       		.byte	0x1
 516 0224 AA       		.byte	0xaa
 517 0225 00000000 		.4byte	.LFB2
 518 0229 1E000000 		.4byte	.LFE2-.LFB2
 519 022d 01       		.uleb128 0x1
 520 022e 9C       		.byte	0x9c
 521 022f 66020000 		.4byte	0x266
 522 0233 0B       		.uleb128 0xb
 523 0234 3F000000 		.4byte	.LASF34
 524 0238 01       		.byte	0x1
 525 0239 AA       		.byte	0xaa
 526 023a CE000000 		.4byte	0xce
 527 023e 01       		.uleb128 0x1
 528 023f 50       		.byte	0x50
 529 0240 12       		.uleb128 0x12
 530 0241 6E00     		.ascii	"n\000"
 531 0243 01       		.byte	0x1
 532 0244 AA       		.byte	0xaa
 533 0245 B5000000 		.4byte	0xb5
 534 0249 01       		.uleb128 0x1
 535 024a 51       		.byte	0x51
 536 024b 0B       		.uleb128 0xb
 537 024c AD000000 		.4byte	.LASF48
 538 0250 01       		.byte	0x1
 539 0251 AA       		.byte	0xaa
 540 0252 66020000 		.4byte	0x266
 541 0256 01       		.uleb128 0x1
 542 0257 52       		.byte	0x52
 543 0258 0F       		.uleb128 0xf
 544 0259 6900     		.ascii	"i\000"
 545 025b 01       		.byte	0x1
 546 025c AC       		.byte	0xac
 547 025d 77000000 		.4byte	0x77
 548 0261 3E010000 		.4byte	.LLST7
 549 0265 00       		.byte	0
 550 0266 07       		.uleb128 0x7
 551 0267 04       		.byte	0x4
 552 0268 6C020000 		.4byte	0x26c
 553 026c 11       		.uleb128 0x11
 554 026d 6B000000 		.4byte	0x6b
 555 0271 0A       		.uleb128 0xa
 556 0272 8E000000 		.4byte	.LASF49
 557 0276 01       		.byte	0x1
 558 0277 C9       		.byte	0xc9
 559 0278 00000000 		.4byte	.LFB3
 560 027c 0C000000 		.4byte	.LFE3-.LFB3
 561 0280 01       		.uleb128 0x1
 562 0281 9C       		.byte	0x9c
 563 0282 B0020000 		.4byte	0x2b0
 564 0286 0B       		.uleb128 0xb
 565 0287 3F000000 		.4byte	.LASF34
 566 028b 01       		.byte	0x1
 567 028c C9       		.byte	0xc9
 568 028d CE000000 		.4byte	0xce
ARM GAS  C:\Users\nbutts\AppData\Local\Temp\cc1vQ90K.s 			page 15


 569 0291 01       		.uleb128 0x1
 570 0292 50       		.byte	0x50
 571 0293 0C       		.uleb128 0xc
 572 0294 69647800 		.ascii	"idx\000"
 573 0298 01       		.byte	0x1
 574 0299 C9       		.byte	0xc9
 575 029a B5000000 		.4byte	0xb5
 576 029e 5C010000 		.4byte	.LLST8
 577 02a2 0B       		.uleb128 0xb
 578 02a3 47000000 		.4byte	.LASF50
 579 02a7 01       		.byte	0x1
 580 02a8 C9       		.byte	0xc9
 581 02a9 6C020000 		.4byte	0x26c
 582 02ad 01       		.uleb128 0x1
 583 02ae 52       		.byte	0x52
 584 02af 00       		.byte	0
 585 02b0 13       		.uleb128 0x13
 586 02b1 DE010000 		.4byte	.LASF51
 587 02b5 01       		.byte	0x1
 588 02b6 D8       		.byte	0xd8
 589 02b7 CE000000 		.4byte	0xce
 590 02bb 00000000 		.4byte	.LFB4
 591 02bf 12000000 		.4byte	.LFE4-.LFB4
 592 02c3 01       		.uleb128 0x1
 593 02c4 9C       		.byte	0x9c
 594 02c5 12       		.uleb128 0x12
 595 02c6 7300     		.ascii	"s\000"
 596 02c8 01       		.byte	0x1
 597 02c9 D8       		.byte	0xd8
 598 02ca CE000000 		.4byte	0xce
 599 02ce 01       		.uleb128 0x1
 600 02cf 50       		.byte	0x50
 601 02d0 12       		.uleb128 0x12
 602 02d1 6300     		.ascii	"c\000"
 603 02d3 01       		.byte	0x1
 604 02d4 D8       		.byte	0xd8
 605 02d5 77000000 		.4byte	0x77
 606 02d9 01       		.uleb128 0x1
 607 02da 51       		.byte	0x51
 608 02db 0D       		.uleb128 0xd
 609 02dc A8000000 		.4byte	.LASF52
 610 02e0 01       		.byte	0x1
 611 02e1 D8       		.byte	0xd8
 612 02e2 B5000000 		.4byte	0xb5
 613 02e6 7D010000 		.4byte	.LLST9
 614 02ea 14       		.uleb128 0x14
 615 02eb 6E00     		.ascii	"n\000"
 616 02ed 01       		.byte	0x1
 617 02ee DA       		.byte	0xda
 618 02ef B5000000 		.4byte	0xb5
 619 02f3 01       		.uleb128 0x1
 620 02f4 52       		.byte	0x52
 621 02f5 00       		.byte	0
 622 02f6 00       		.byte	0
 623              		.section	.debug_abbrev,"",%progbits
 624              	.Ldebug_abbrev0:
 625 0000 01       		.uleb128 0x1
ARM GAS  C:\Users\nbutts\AppData\Local\Temp\cc1vQ90K.s 			page 16


 626 0001 11       		.uleb128 0x11
 627 0002 01       		.byte	0x1
 628 0003 25       		.uleb128 0x25
 629 0004 0E       		.uleb128 0xe
 630 0005 13       		.uleb128 0x13
 631 0006 0B       		.uleb128 0xb
 632 0007 03       		.uleb128 0x3
 633 0008 0E       		.uleb128 0xe
 634 0009 1B       		.uleb128 0x1b
 635 000a 0E       		.uleb128 0xe
 636 000b 55       		.uleb128 0x55
 637 000c 17       		.uleb128 0x17
 638 000d 11       		.uleb128 0x11
 639 000e 01       		.uleb128 0x1
 640 000f 10       		.uleb128 0x10
 641 0010 17       		.uleb128 0x17
 642 0011 00       		.byte	0
 643 0012 00       		.byte	0
 644 0013 02       		.uleb128 0x2
 645 0014 24       		.uleb128 0x24
 646 0015 00       		.byte	0
 647 0016 0B       		.uleb128 0xb
 648 0017 0B       		.uleb128 0xb
 649 0018 3E       		.uleb128 0x3e
 650 0019 0B       		.uleb128 0xb
 651 001a 03       		.uleb128 0x3
 652 001b 0E       		.uleb128 0xe
 653 001c 00       		.byte	0
 654 001d 00       		.byte	0
 655 001e 03       		.uleb128 0x3
 656 001f 24       		.uleb128 0x24
 657 0020 00       		.byte	0
 658 0021 0B       		.uleb128 0xb
 659 0022 0B       		.uleb128 0xb
 660 0023 3E       		.uleb128 0x3e
 661 0024 0B       		.uleb128 0xb
 662 0025 03       		.uleb128 0x3
 663 0026 08       		.uleb128 0x8
 664 0027 00       		.byte	0
 665 0028 00       		.byte	0
 666 0029 04       		.uleb128 0x4
 667 002a 16       		.uleb128 0x16
 668 002b 00       		.byte	0
 669 002c 03       		.uleb128 0x3
 670 002d 0E       		.uleb128 0xe
 671 002e 3A       		.uleb128 0x3a
 672 002f 0B       		.uleb128 0xb
 673 0030 3B       		.uleb128 0x3b
 674 0031 05       		.uleb128 0x5
 675 0032 49       		.uleb128 0x49
 676 0033 13       		.uleb128 0x13
 677 0034 00       		.byte	0
 678 0035 00       		.byte	0
 679 0036 05       		.uleb128 0x5
 680 0037 35       		.uleb128 0x35
 681 0038 00       		.byte	0
 682 0039 49       		.uleb128 0x49
ARM GAS  C:\Users\nbutts\AppData\Local\Temp\cc1vQ90K.s 			page 17


 683 003a 13       		.uleb128 0x13
 684 003b 00       		.byte	0
 685 003c 00       		.byte	0
 686 003d 06       		.uleb128 0x6
 687 003e 16       		.uleb128 0x16
 688 003f 00       		.byte	0
 689 0040 03       		.uleb128 0x3
 690 0041 0E       		.uleb128 0xe
 691 0042 3A       		.uleb128 0x3a
 692 0043 0B       		.uleb128 0xb
 693 0044 3B       		.uleb128 0x3b
 694 0045 0B       		.uleb128 0xb
 695 0046 49       		.uleb128 0x49
 696 0047 13       		.uleb128 0x13
 697 0048 00       		.byte	0
 698 0049 00       		.byte	0
 699 004a 07       		.uleb128 0x7
 700 004b 0F       		.uleb128 0xf
 701 004c 00       		.byte	0
 702 004d 0B       		.uleb128 0xb
 703 004e 0B       		.uleb128 0xb
 704 004f 49       		.uleb128 0x49
 705 0050 13       		.uleb128 0x13
 706 0051 00       		.byte	0
 707 0052 00       		.byte	0
 708 0053 08       		.uleb128 0x8
 709 0054 04       		.uleb128 0x4
 710 0055 01       		.byte	0x1
 711 0056 0B       		.uleb128 0xb
 712 0057 0B       		.uleb128 0xb
 713 0058 49       		.uleb128 0x49
 714 0059 13       		.uleb128 0x13
 715 005a 3A       		.uleb128 0x3a
 716 005b 0B       		.uleb128 0xb
 717 005c 3B       		.uleb128 0x3b
 718 005d 05       		.uleb128 0x5
 719 005e 01       		.uleb128 0x1
 720 005f 13       		.uleb128 0x13
 721 0060 00       		.byte	0
 722 0061 00       		.byte	0
 723 0062 09       		.uleb128 0x9
 724 0063 28       		.uleb128 0x28
 725 0064 00       		.byte	0
 726 0065 03       		.uleb128 0x3
 727 0066 0E       		.uleb128 0xe
 728 0067 1C       		.uleb128 0x1c
 729 0068 0B       		.uleb128 0xb
 730 0069 00       		.byte	0
 731 006a 00       		.byte	0
 732 006b 0A       		.uleb128 0xa
 733 006c 2E       		.uleb128 0x2e
 734 006d 01       		.byte	0x1
 735 006e 3F       		.uleb128 0x3f
 736 006f 19       		.uleb128 0x19
 737 0070 03       		.uleb128 0x3
 738 0071 0E       		.uleb128 0xe
 739 0072 3A       		.uleb128 0x3a
ARM GAS  C:\Users\nbutts\AppData\Local\Temp\cc1vQ90K.s 			page 18


 740 0073 0B       		.uleb128 0xb
 741 0074 3B       		.uleb128 0x3b
 742 0075 0B       		.uleb128 0xb
 743 0076 27       		.uleb128 0x27
 744 0077 19       		.uleb128 0x19
 745 0078 11       		.uleb128 0x11
 746 0079 01       		.uleb128 0x1
 747 007a 12       		.uleb128 0x12
 748 007b 06       		.uleb128 0x6
 749 007c 40       		.uleb128 0x40
 750 007d 18       		.uleb128 0x18
 751 007e 9742     		.uleb128 0x2117
 752 0080 19       		.uleb128 0x19
 753 0081 01       		.uleb128 0x1
 754 0082 13       		.uleb128 0x13
 755 0083 00       		.byte	0
 756 0084 00       		.byte	0
 757 0085 0B       		.uleb128 0xb
 758 0086 05       		.uleb128 0x5
 759 0087 00       		.byte	0
 760 0088 03       		.uleb128 0x3
 761 0089 0E       		.uleb128 0xe
 762 008a 3A       		.uleb128 0x3a
 763 008b 0B       		.uleb128 0xb
 764 008c 3B       		.uleb128 0x3b
 765 008d 0B       		.uleb128 0xb
 766 008e 49       		.uleb128 0x49
 767 008f 13       		.uleb128 0x13
 768 0090 02       		.uleb128 0x2
 769 0091 18       		.uleb128 0x18
 770 0092 00       		.byte	0
 771 0093 00       		.byte	0
 772 0094 0C       		.uleb128 0xc
 773 0095 05       		.uleb128 0x5
 774 0096 00       		.byte	0
 775 0097 03       		.uleb128 0x3
 776 0098 08       		.uleb128 0x8
 777 0099 3A       		.uleb128 0x3a
 778 009a 0B       		.uleb128 0xb
 779 009b 3B       		.uleb128 0x3b
 780 009c 0B       		.uleb128 0xb
 781 009d 49       		.uleb128 0x49
 782 009e 13       		.uleb128 0x13
 783 009f 02       		.uleb128 0x2
 784 00a0 17       		.uleb128 0x17
 785 00a1 00       		.byte	0
 786 00a2 00       		.byte	0
 787 00a3 0D       		.uleb128 0xd
 788 00a4 05       		.uleb128 0x5
 789 00a5 00       		.byte	0
 790 00a6 03       		.uleb128 0x3
 791 00a7 0E       		.uleb128 0xe
 792 00a8 3A       		.uleb128 0x3a
 793 00a9 0B       		.uleb128 0xb
 794 00aa 3B       		.uleb128 0x3b
 795 00ab 0B       		.uleb128 0xb
 796 00ac 49       		.uleb128 0x49
ARM GAS  C:\Users\nbutts\AppData\Local\Temp\cc1vQ90K.s 			page 19


 797 00ad 13       		.uleb128 0x13
 798 00ae 02       		.uleb128 0x2
 799 00af 17       		.uleb128 0x17
 800 00b0 00       		.byte	0
 801 00b1 00       		.byte	0
 802 00b2 0E       		.uleb128 0xe
 803 00b3 34       		.uleb128 0x34
 804 00b4 00       		.byte	0
 805 00b5 03       		.uleb128 0x3
 806 00b6 0E       		.uleb128 0xe
 807 00b7 3A       		.uleb128 0x3a
 808 00b8 0B       		.uleb128 0xb
 809 00b9 3B       		.uleb128 0x3b
 810 00ba 0B       		.uleb128 0xb
 811 00bb 49       		.uleb128 0x49
 812 00bc 13       		.uleb128 0x13
 813 00bd 1C       		.uleb128 0x1c
 814 00be 0B       		.uleb128 0xb
 815 00bf 00       		.byte	0
 816 00c0 00       		.byte	0
 817 00c1 0F       		.uleb128 0xf
 818 00c2 34       		.uleb128 0x34
 819 00c3 00       		.byte	0
 820 00c4 03       		.uleb128 0x3
 821 00c5 08       		.uleb128 0x8
 822 00c6 3A       		.uleb128 0x3a
 823 00c7 0B       		.uleb128 0xb
 824 00c8 3B       		.uleb128 0x3b
 825 00c9 0B       		.uleb128 0xb
 826 00ca 49       		.uleb128 0x49
 827 00cb 13       		.uleb128 0x13
 828 00cc 02       		.uleb128 0x2
 829 00cd 17       		.uleb128 0x17
 830 00ce 00       		.byte	0
 831 00cf 00       		.byte	0
 832 00d0 10       		.uleb128 0x10
 833 00d1 34       		.uleb128 0x34
 834 00d2 00       		.byte	0
 835 00d3 03       		.uleb128 0x3
 836 00d4 0E       		.uleb128 0xe
 837 00d5 3A       		.uleb128 0x3a
 838 00d6 0B       		.uleb128 0xb
 839 00d7 3B       		.uleb128 0x3b
 840 00d8 0B       		.uleb128 0xb
 841 00d9 49       		.uleb128 0x49
 842 00da 13       		.uleb128 0x13
 843 00db 02       		.uleb128 0x2
 844 00dc 17       		.uleb128 0x17
 845 00dd 00       		.byte	0
 846 00de 00       		.byte	0
 847 00df 11       		.uleb128 0x11
 848 00e0 26       		.uleb128 0x26
 849 00e1 00       		.byte	0
 850 00e2 49       		.uleb128 0x49
 851 00e3 13       		.uleb128 0x13
 852 00e4 00       		.byte	0
 853 00e5 00       		.byte	0
ARM GAS  C:\Users\nbutts\AppData\Local\Temp\cc1vQ90K.s 			page 20


 854 00e6 12       		.uleb128 0x12
 855 00e7 05       		.uleb128 0x5
 856 00e8 00       		.byte	0
 857 00e9 03       		.uleb128 0x3
 858 00ea 08       		.uleb128 0x8
 859 00eb 3A       		.uleb128 0x3a
 860 00ec 0B       		.uleb128 0xb
 861 00ed 3B       		.uleb128 0x3b
 862 00ee 0B       		.uleb128 0xb
 863 00ef 49       		.uleb128 0x49
 864 00f0 13       		.uleb128 0x13
 865 00f1 02       		.uleb128 0x2
 866 00f2 18       		.uleb128 0x18
 867 00f3 00       		.byte	0
 868 00f4 00       		.byte	0
 869 00f5 13       		.uleb128 0x13
 870 00f6 2E       		.uleb128 0x2e
 871 00f7 01       		.byte	0x1
 872 00f8 3F       		.uleb128 0x3f
 873 00f9 19       		.uleb128 0x19
 874 00fa 03       		.uleb128 0x3
 875 00fb 0E       		.uleb128 0xe
 876 00fc 3A       		.uleb128 0x3a
 877 00fd 0B       		.uleb128 0xb
 878 00fe 3B       		.uleb128 0x3b
 879 00ff 0B       		.uleb128 0xb
 880 0100 27       		.uleb128 0x27
 881 0101 19       		.uleb128 0x19
 882 0102 49       		.uleb128 0x49
 883 0103 13       		.uleb128 0x13
 884 0104 11       		.uleb128 0x11
 885 0105 01       		.uleb128 0x1
 886 0106 12       		.uleb128 0x12
 887 0107 06       		.uleb128 0x6
 888 0108 40       		.uleb128 0x40
 889 0109 18       		.uleb128 0x18
 890 010a 9742     		.uleb128 0x2117
 891 010c 19       		.uleb128 0x19
 892 010d 00       		.byte	0
 893 010e 00       		.byte	0
 894 010f 14       		.uleb128 0x14
 895 0110 34       		.uleb128 0x34
 896 0111 00       		.byte	0
 897 0112 03       		.uleb128 0x3
 898 0113 08       		.uleb128 0x8
 899 0114 3A       		.uleb128 0x3a
 900 0115 0B       		.uleb128 0xb
 901 0116 3B       		.uleb128 0x3b
 902 0117 0B       		.uleb128 0xb
 903 0118 49       		.uleb128 0x49
 904 0119 13       		.uleb128 0x13
 905 011a 02       		.uleb128 0x2
 906 011b 18       		.uleb128 0x18
 907 011c 00       		.byte	0
 908 011d 00       		.byte	0
 909 011e 00       		.byte	0
 910              		.section	.debug_loc,"",%progbits
ARM GAS  C:\Users\nbutts\AppData\Local\Temp\cc1vQ90K.s 			page 21


 911              	.Ldebug_loc0:
 912              	.LLST0:
 913 0000 00000000 		.4byte	.LVL0
 914 0004 1A000000 		.4byte	.LVL2
 915 0008 0100     		.2byte	0x1
 916 000a 51       		.byte	0x51
 917 000b 1A000000 		.4byte	.LVL2
 918 000f 28000000 		.4byte	.LVL8
 919 0013 0400     		.2byte	0x4
 920 0015 F3       		.byte	0xf3
 921 0016 01       		.uleb128 0x1
 922 0017 51       		.byte	0x51
 923 0018 9F       		.byte	0x9f
 924 0019 28000000 		.4byte	.LVL8
 925 001d 2A000000 		.4byte	.LVL9
 926 0021 0100     		.2byte	0x1
 927 0023 51       		.byte	0x51
 928 0024 2A000000 		.4byte	.LVL9
 929 0028 6C000000 		.4byte	.LFE1
 930 002c 0400     		.2byte	0x4
 931 002e F3       		.byte	0xf3
 932 002f 01       		.uleb128 0x1
 933 0030 51       		.byte	0x51
 934 0031 9F       		.byte	0x9f
 935 0032 00000000 		.4byte	0
 936 0036 00000000 		.4byte	0
 937              	.LLST1:
 938 003a 00000000 		.4byte	.LVL0
 939 003e 1E000000 		.4byte	.LVL4
 940 0042 0100     		.2byte	0x1
 941 0044 52       		.byte	0x52
 942 0045 1E000000 		.4byte	.LVL4
 943 0049 28000000 		.4byte	.LVL8
 944 004d 0400     		.2byte	0x4
 945 004f F3       		.byte	0xf3
 946 0050 01       		.uleb128 0x1
 947 0051 52       		.byte	0x52
 948 0052 9F       		.byte	0x9f
 949 0053 28000000 		.4byte	.LVL8
 950 0057 34000000 		.4byte	.LVL13
 951 005b 0100     		.2byte	0x1
 952 005d 52       		.byte	0x52
 953 005e 34000000 		.4byte	.LVL13
 954 0062 6C000000 		.4byte	.LFE1
 955 0066 0400     		.2byte	0x4
 956 0068 F3       		.byte	0xf3
 957 0069 01       		.uleb128 0x1
 958 006a 52       		.byte	0x52
 959 006b 9F       		.byte	0x9f
 960 006c 00000000 		.4byte	0
 961 0070 00000000 		.4byte	0
 962              	.LLST2:
 963 0074 00000000 		.4byte	.LVL0
 964 0078 24000000 		.4byte	.LVL6
 965 007c 0100     		.2byte	0x1
 966 007e 53       		.byte	0x53
 967 007f 24000000 		.4byte	.LVL6
ARM GAS  C:\Users\nbutts\AppData\Local\Temp\cc1vQ90K.s 			page 22


 968 0083 28000000 		.4byte	.LVL8
 969 0087 0400     		.2byte	0x4
 970 0089 F3       		.byte	0xf3
 971 008a 01       		.uleb128 0x1
 972 008b 53       		.byte	0x53
 973 008c 9F       		.byte	0x9f
 974 008d 28000000 		.4byte	.LVL8
 975 0091 2C000000 		.4byte	.LVL10
 976 0095 0100     		.2byte	0x1
 977 0097 53       		.byte	0x53
 978 0098 2C000000 		.4byte	.LVL10
 979 009c 6C000000 		.4byte	.LFE1
 980 00a0 0400     		.2byte	0x4
 981 00a2 F3       		.byte	0xf3
 982 00a3 01       		.uleb128 0x1
 983 00a4 53       		.byte	0x53
 984 00a5 9F       		.byte	0x9f
 985 00a6 00000000 		.4byte	0
 986 00aa 00000000 		.4byte	0
 987              	.LLST3:
 988 00ae 34000000 		.4byte	.LVL13
 989 00b2 38000000 		.4byte	.LVL14
 990 00b6 0200     		.2byte	0x2
 991 00b8 30       		.byte	0x30
 992 00b9 9F       		.byte	0x9f
 993 00ba 38000000 		.4byte	.LVL14
 994 00be 62000000 		.4byte	.LVL16
 995 00c2 0100     		.2byte	0x1
 996 00c4 56       		.byte	0x56
 997 00c5 00000000 		.4byte	0
 998 00c9 00000000 		.4byte	0
 999              	.LLST4:
 1000 00cd 1C000000 		.4byte	.LVL3
 1001 00d1 28000000 		.4byte	.LVL8
 1002 00d5 0100     		.2byte	0x1
 1003 00d7 51       		.byte	0x51
 1004 00d8 2A000000 		.4byte	.LVL9
 1005 00dc 62000000 		.4byte	.LVL16
 1006 00e0 0100     		.2byte	0x1
 1007 00e2 51       		.byte	0x51
 1008 00e3 00000000 		.4byte	0
 1009 00e7 00000000 		.4byte	0
 1010              	.LLST5:
 1011 00eb 22000000 		.4byte	.LVL5
 1012 00ef 28000000 		.4byte	.LVL8
 1013 00f3 0100     		.2byte	0x1
 1014 00f5 52       		.byte	0x52
 1015 00f6 30000000 		.4byte	.LVL11
 1016 00fa 32000000 		.4byte	.LVL12
 1017 00fe 0100     		.2byte	0x1
 1018 0100 53       		.byte	0x53
 1019 0101 32000000 		.4byte	.LVL12
 1020 0105 62000000 		.4byte	.LVL16
 1021 0109 0100     		.2byte	0x1
 1022 010b 58       		.byte	0x58
 1023 010c 00000000 		.4byte	0
 1024 0110 00000000 		.4byte	0
ARM GAS  C:\Users\nbutts\AppData\Local\Temp\cc1vQ90K.s 			page 23


 1025              	.LLST6:
 1026 0114 26000000 		.4byte	.LVL7
 1027 0118 28000000 		.4byte	.LVL8
 1028 011c 0100     		.2byte	0x1
 1029 011e 53       		.byte	0x53
 1030 011f 30000000 		.4byte	.LVL11
 1031 0123 34000000 		.4byte	.LVL13
 1032 0127 0200     		.2byte	0x2
 1033 0129 30       		.byte	0x30
 1034 012a 9F       		.byte	0x9f
 1035 012b 34000000 		.4byte	.LVL13
 1036 012f 62000000 		.4byte	.LVL16
 1037 0133 0100     		.2byte	0x1
 1038 0135 5A       		.byte	0x5a
 1039 0136 00000000 		.4byte	0
 1040 013a 00000000 		.4byte	0
 1041              	.LLST7:
 1042 013e 08000000 		.4byte	.LVL18
 1043 0142 16000000 		.4byte	.LVL20
 1044 0146 0100     		.2byte	0x1
 1045 0148 53       		.byte	0x53
 1046 0149 18000000 		.4byte	.LVL21
 1047 014d 1C000000 		.4byte	.LVL22
 1048 0151 0100     		.2byte	0x1
 1049 0153 53       		.byte	0x53
 1050 0154 00000000 		.4byte	0
 1051 0158 00000000 		.4byte	0
 1052              	.LLST8:
 1053 015c 00000000 		.4byte	.LVL23
 1054 0160 06000000 		.4byte	.LVL24
 1055 0164 0100     		.2byte	0x1
 1056 0166 51       		.byte	0x51
 1057 0167 06000000 		.4byte	.LVL24
 1058 016b 0C000000 		.4byte	.LFE3
 1059 016f 0400     		.2byte	0x4
 1060 0171 F3       		.byte	0xf3
 1061 0172 01       		.uleb128 0x1
 1062 0173 51       		.byte	0x51
 1063 0174 9F       		.byte	0x9f
 1064 0175 00000000 		.4byte	0
 1065 0179 00000000 		.4byte	0
 1066              	.LLST9:
 1067 017d 00000000 		.4byte	.LVL25
 1068 0181 02000000 		.4byte	.LVL26
 1069 0185 0100     		.2byte	0x1
 1070 0187 52       		.byte	0x52
 1071 0188 02000000 		.4byte	.LVL26
 1072 018c 12000000 		.4byte	.LFE4
 1073 0190 0400     		.2byte	0x4
 1074 0192 F3       		.byte	0xf3
 1075 0193 01       		.uleb128 0x1
 1076 0194 52       		.byte	0x52
 1077 0195 9F       		.byte	0x9f
 1078 0196 00000000 		.4byte	0
 1079 019a 00000000 		.4byte	0
 1080              		.section	.debug_aranges,"",%progbits
 1081 0000 34000000 		.4byte	0x34
ARM GAS  C:\Users\nbutts\AppData\Local\Temp\cc1vQ90K.s 			page 24


 1082 0004 0200     		.2byte	0x2
 1083 0006 00000000 		.4byte	.Ldebug_info0
 1084 000a 04       		.byte	0x4
 1085 000b 00       		.byte	0
 1086 000c 0000     		.2byte	0
 1087 000e 0000     		.2byte	0
 1088 0010 00000000 		.4byte	.LFB1
 1089 0014 6C000000 		.4byte	.LFE1-.LFB1
 1090 0018 00000000 		.4byte	.LFB2
 1091 001c 1E000000 		.4byte	.LFE2-.LFB2
 1092 0020 00000000 		.4byte	.LFB3
 1093 0024 0C000000 		.4byte	.LFE3-.LFB3
 1094 0028 00000000 		.4byte	.LFB4
 1095 002c 12000000 		.4byte	.LFE4-.LFB4
 1096 0030 00000000 		.4byte	0
 1097 0034 00000000 		.4byte	0
 1098              		.section	.debug_ranges,"",%progbits
 1099              	.Ldebug_ranges0:
 1100 0000 00000000 		.4byte	.LFB1
 1101 0004 6C000000 		.4byte	.LFE1
 1102 0008 00000000 		.4byte	.LFB2
 1103 000c 1E000000 		.4byte	.LFE2
 1104 0010 00000000 		.4byte	.LFB3
 1105 0014 0C000000 		.4byte	.LFE3
 1106 0018 00000000 		.4byte	.LFB4
 1107 001c 12000000 		.4byte	.LFE4
 1108 0020 00000000 		.4byte	0
 1109 0024 00000000 		.4byte	0
 1110              		.section	.debug_line,"",%progbits
 1111              	.Ldebug_line0:
 1112 0000 6B010000 		.section	.debug_str,"MS",%progbits,1
 1112      0200EB00 
 1112      00000201 
 1112      FB0E0D00 
 1112      01010101 
 1113              	.LASF43:
 1114 0000 73686966 		.ascii	"shift\000"
 1114      7400
 1115              	.LASF16:
 1116 0006 73697A65 		.ascii	"size_t\000"
 1116      5F7400
 1117              	.LASF33:
 1118 000d 43795541 		.ascii	"CyUAB_clk_enum\000"
 1118      425F636C 
 1118      6B5F656E 
 1118      756D00
 1119              	.LASF42:
 1120 001c 50484939 		.ascii	"PHI9_SHIFT\000"
 1120      5F534849 
 1120      465400
 1121              	.LASF44:
 1122 0027 6D61736B 		.ascii	"mask\000"
 1122      00
 1123              	.LASF3:
 1124 002c 73686F72 		.ascii	"short unsigned int\000"
 1124      7420756E 
 1124      7369676E 
ARM GAS  C:\Users\nbutts\AppData\Local\Temp\cc1vQ90K.s 			page 25


 1124      65642069 
 1124      6E7400
 1125              	.LASF34:
 1126 003f 75616253 		.ascii	"uabSram\000"
 1126      72616D00 
 1127              	.LASF50:
 1128 0047 73746570 		.ascii	"stepValue\000"
 1128      56616C75 
 1128      6500
 1129              	.LASF38:
 1130 0051 4D4F4442 		.ascii	"MODBIT_SHIFT\000"
 1130      49545F53 
 1130      48494654 
 1130      00
 1131              	.LASF29:
 1132 005e 43795541 		.ascii	"CyUAB_CLK_PHI10\000"
 1132      425F434C 
 1132      4B5F5048 
 1132      49313000 
 1133              	.LASF30:
 1134 006e 43795541 		.ascii	"CyUAB_CLK_PHI11\000"
 1134      425F434C 
 1134      4B5F5048 
 1134      49313100 
 1135              	.LASF31:
 1136 007e 43795541 		.ascii	"CyUAB_CLK_PHI12\000"
 1136      425F434C 
 1136      4B5F5048 
 1136      49313200 
 1137              	.LASF49:
 1138 008e 43795541 		.ascii	"CyUAB_SetSingleStep\000"
 1138      425F5365 
 1138      7453696E 
 1138      676C6553 
 1138      74657000 
 1139              	.LASF12:
 1140 00a2 666C6F61 		.ascii	"float\000"
 1140      7400
 1141              	.LASF52:
 1142 00a8 73697A65 		.ascii	"size\000"
 1142      00
 1143              	.LASF48:
 1144 00ad 73746570 		.ascii	"stepArray\000"
 1144      41727261 
 1144      7900
 1145              	.LASF11:
 1146 00b7 696E7433 		.ascii	"int32\000"
 1146      3200
 1147              	.LASF35:
 1148 00bd 70617474 		.ascii	"pattern\000"
 1148      65726E00 
 1149              	.LASF41:
 1150 00c5 424F5448 		.ascii	"BOTH_MASK\000"
 1150      5F4D4153 
 1150      4B00
 1151              	.LASF39:
 1152 00cf 50415454 		.ascii	"PATTERN_MASK\000"
ARM GAS  C:\Users\nbutts\AppData\Local\Temp\cc1vQ90K.s 			page 26


 1152      45524E5F 
 1152      4D41534B 
 1152      00
 1153              	.LASF5:
 1154 00dc 6C6F6E67 		.ascii	"long unsigned int\000"
 1154      20756E73 
 1154      69676E65 
 1154      6420696E 
 1154      7400
 1155              	.LASF47:
 1156 00ee 43795541 		.ascii	"CyUAB_SetNSteps\000"
 1156      425F5365 
 1156      744E5374 
 1156      65707300 
 1157              	.LASF19:
 1158 00fe 43795541 		.ascii	"CyUAB_SW_OPEN\000"
 1158      425F5357 
 1158      5F4F5045 
 1158      4E00
 1159              	.LASF9:
 1160 010c 75696E74 		.ascii	"uint16\000"
 1160      313600
 1161              	.LASF10:
 1162 0113 75696E74 		.ascii	"uint32\000"
 1162      333200
 1163              	.LASF40:
 1164 011a 4D4F4442 		.ascii	"MODBIT_MASK\000"
 1164      49545F4D 
 1164      41534B00 
 1165              	.LASF8:
 1166 0126 756E7369 		.ascii	"unsigned int\000"
 1166      676E6564 
 1166      20696E74 
 1166      00
 1167              	.LASF7:
 1168 0133 6C6F6E67 		.ascii	"long long unsigned int\000"
 1168      206C6F6E 
 1168      6720756E 
 1168      7369676E 
 1168      65642069 
 1169              	.LASF13:
 1170 014a 646F7562 		.ascii	"double\000"
 1170      6C6500
 1171              	.LASF1:
 1172 0151 756E7369 		.ascii	"unsigned char\000"
 1172      676E6564 
 1172      20636861 
 1172      7200
 1173              	.LASF18:
 1174 015f 73697A65 		.ascii	"sizetype\000"
 1174      74797065 
 1174      00
 1175              	.LASF36:
 1176 0168 6D6F6462 		.ascii	"modbitPattern\000"
 1176      69745061 
 1176      74746572 
 1176      6E00
ARM GAS  C:\Users\nbutts\AppData\Local\Temp\cc1vQ90K.s 			page 27


 1177              	.LASF37:
 1178 0176 50415454 		.ascii	"PATTERN_SHIFT\000"
 1178      45524E5F 
 1178      53484946 
 1178      5400
 1179              	.LASF6:
 1180 0184 6C6F6E67 		.ascii	"long long int\000"
 1180      206C6F6E 
 1180      6720696E 
 1180      7400
 1181              	.LASF14:
 1182 0192 63686172 		.ascii	"char\000"
 1182      00
 1183              	.LASF26:
 1184 0197 43795541 		.ascii	"CyUAB_CLK_PHI7\000"
 1184      425F434C 
 1184      4B5F5048 
 1184      493700
 1185              	.LASF24:
 1186 01a6 43795541 		.ascii	"CyUAB_CLK_PHI5\000"
 1186      425F434C 
 1186      4B5F5048 
 1186      493500
 1187              	.LASF2:
 1188 01b5 73686F72 		.ascii	"short int\000"
 1188      7420696E 
 1188      7400
 1189              	.LASF32:
 1190 01bf 43795541 		.ascii	"CyUAB_SW_CLOSED\000"
 1190      425F5357 
 1190      5F434C4F 
 1190      53454400 
 1191              	.LASF46:
 1192 01cf 43795541 		.ascii	"CyUAB_SetClock\000"
 1192      425F5365 
 1192      74436C6F 
 1192      636B00
 1193              	.LASF51:
 1194 01de 43795541 		.ascii	"CyUAB_wordset\000"
 1194      425F776F 
 1194      72647365 
 1194      7400
 1195              	.LASF4:
 1196 01ec 6C6F6E67 		.ascii	"long int\000"
 1196      20696E74 
 1196      00
 1197              	.LASF15:
 1198 01f5 72656733 		.ascii	"reg32\000"
 1198      3200
 1199              	.LASF25:
 1200 01fb 43795541 		.ascii	"CyUAB_CLK_PHI6\000"
 1200      425F434C 
 1200      4B5F5048 
 1200      493600
 1201              	.LASF17:
 1202 020a 6C6F6E67 		.ascii	"long double\000"
 1202      20646F75 
ARM GAS  C:\Users\nbutts\AppData\Local\Temp\cc1vQ90K.s 			page 28


 1202      626C6500 
 1203              	.LASF53:
 1204 0216 474E5520 		.ascii	"GNU C11 5.4.1 20160609 (release) [ARM/embedded-5-br"
 1204      43313120 
 1204      352E342E 
 1204      31203230 
 1204      31363036 
 1205 0249 616E6368 		.ascii	"anch revision 237715] -mcpu=cortex-m0plus -mthumb -"
 1205      20726576 
 1205      6973696F 
 1205      6E203233 
 1205      37373135 
 1206 027c 67202D4F 		.ascii	"g -Og -ffunction-sections -ffat-lto-objects\000"
 1206      67202D66 
 1206      66756E63 
 1206      74696F6E 
 1206      2D736563 
 1207              	.LASF0:
 1208 02a8 7369676E 		.ascii	"signed char\000"
 1208      65642063 
 1208      68617200 
 1209              	.LASF54:
 1210 02b4 47656E65 		.ascii	"Generated_Source\\PSoC4\\VDAC_1_UAB_CyUAB.c\000"
 1210      72617465 
 1210      645F536F 
 1210      75726365 
 1210      5C50536F 
 1211              	.LASF20:
 1212 02de 43795541 		.ascii	"CyUAB_CLK_PHI1\000"
 1212      425F434C 
 1212      4B5F5048 
 1212      493100
 1213              	.LASF21:
 1214 02ed 43795541 		.ascii	"CyUAB_CLK_PHI2\000"
 1214      425F434C 
 1214      4B5F5048 
 1214      493200
 1215              	.LASF22:
 1216 02fc 43795541 		.ascii	"CyUAB_CLK_PHI3\000"
 1216      425F434C 
 1216      4B5F5048 
 1216      493300
 1217              	.LASF23:
 1218 030b 43795541 		.ascii	"CyUAB_CLK_PHI4\000"
 1218      425F434C 
 1218      4B5F5048 
 1218      493400
 1219              	.LASF55:
 1220 031a 433A5C70 		.ascii	"C:\\projects\\LaserBodyRoll\\Software\\IOBoard.cyds"
 1220      726F6A65 
 1220      6374735C 
 1220      4C617365 
 1220      72426F64 
 1221 0349 6E00     		.ascii	"n\000"
 1222              	.LASF45:
 1223 034b 6D6F6462 		.ascii	"modbitCopy\000"
 1223      6974436F 
ARM GAS  C:\Users\nbutts\AppData\Local\Temp\cc1vQ90K.s 			page 29


 1223      707900
 1224              	.LASF27:
 1225 0356 43795541 		.ascii	"CyUAB_CLK_PHI8\000"
 1225      425F434C 
 1225      4B5F5048 
 1225      493800
 1226              	.LASF28:
 1227 0365 43795541 		.ascii	"CyUAB_CLK_PHI9\000"
 1227      425F434C 
 1227      4B5F5048 
 1227      493900
 1228              		.ident	"GCC: (GNU Tools for ARM Embedded Processors) 5.4.1 20160609 (release) [ARM/embedded-5-bran
